TN:
SF:projects/spr-components-v2/src/lib/components/accordion/accordion.component.html
FNF:0
FNH:0
DA:1,1
LF:1
LH:1
BRF:0
BRH:0
end_of_record
TN:
SF:projects/spr-components-v2/src/lib/components/accordion/accordion.component.ts
FNF:0
FNH:0
DA:1,1
DA:2,1
DA:3,1
DA:14,1
LF:4
LH:4
BRF:0
BRH:0
end_of_record
TN:
SF:projects/spr-components-v2/src/lib/components/accordion/enums/accordion.enum.ts
FN:1,(anonymous_0)
FNF:1
FNH:1
FNDA:1,(anonymous_0)
DA:1,1
DA:2,1
DA:3,1
DA:4,1
DA:5,1
LF:5
LH:5
BRDA:1,0,0,1
BRDA:1,0,1,1
BRF:2
BRH:2
end_of_record
TN:
SF:projects/spr-components-v2/src/lib/components/alert/alert.html
FNF:0
FNH:0
DA:1,1
LF:1
LH:1
BRF:0
BRH:0
end_of_record
TN:
SF:projects/spr-components-v2/src/lib/components/alert/alert.options.ts
FNF:0
FNH:0
DA:1,1
DA:10,1
DA:12,1
LF:3
LH:3
BRF:0
BRH:0
end_of_record
TN:
SF:projects/spr-components-v2/src/lib/components/alert/alert.ts
FN:22,(anonymous_0)
FN:23,(anonymous_1)
FN:24,(anonymous_2)
FN:54,(anonymous_3)
FN:56,(anonymous_4)
FNF:5
FNH:2
FNDA:8,(anonymous_0)
FNDA:0,(anonymous_1)
FNDA:8,(anonymous_2)
FNDA:0,(anonymous_3)
FNDA:0,(anonymous_4)
DA:1,1
DA:2,1
DA:3,1
DA:4,1
DA:5,1
DA:6,1
DA:22,1
DA:23,8
DA:24,8
DA:29,8
DA:34,8
DA:40,8
DA:46,8
DA:52,8
DA:54,8
DA:57,0
DA:59,0
DA:62,0
DA:65,0
DA:68,0
DA:71,0
LF:21
LH:15
BRDA:24,0,0,8
BRDA:24,0,1,0
BRDA:57,1,0,0
BRDA:57,1,1,0
BRDA:57,1,2,0
BRDA:57,1,3,0
BRDA:57,1,4,0
BRF:7
BRH:1
end_of_record
TN:
SF:projects/spr-components-v2/src/lib/components/amount-picker/amount-picker.html
FNF:0
FNH:0
DA:1,1
LF:1
LH:1
BRF:0
BRH:0
end_of_record
TN:
SF:projects/spr-components-v2/src/lib/components/amount-picker/amount-picker.options.ts
FNF:0
FNH:0
DA:3,1
DA:4,1
DA:5,1
DA:6,1
LF:4
LH:4
BRF:0
BRH:0
end_of_record
TN:
SF:projects/spr-components-v2/src/lib/components/amount-picker/amount-picker.ts
FN:56,(anonymous_0)
FN:51,(anonymous_1)
FN:66,(anonymous_2)
FN:67,(anonymous_3)
FN:57,(anonymous_4)
FN:61,(anonymous_5)
FN:69,(anonymous_6)
FN:80,(anonymous_7)
FN:84,(anonymous_8)
FN:88,(anonymous_9)
FN:92,(anonymous_10)
FN:96,(anonymous_11)
FN:100,(anonymous_12)
FN:116,(anonymous_13)
FN:133,(anonymous_14)
FN:137,(anonymous_15)
FN:151,(anonymous_16)
FN:165,(anonymous_17)
FN:171,(anonymous_18)
FN:187,(anonymous_19)
FN:28,(anonymous_21)
FNF:21
FNH:19
FNDA:11,(anonymous_0)
FNDA:23,(anonymous_1)
FNDA:0,(anonymous_2)
FNDA:1,(anonymous_3)
FNDA:5,(anonymous_4)
FNDA:3,(anonymous_5)
FNDA:3,(anonymous_6)
FNDA:11,(anonymous_7)
FNDA:0,(anonymous_8)
FNDA:1,(anonymous_9)
FNDA:7,(anonymous_10)
FNDA:5,(anonymous_11)
FNDA:1,(anonymous_12)
FNDA:1,(anonymous_13)
FNDA:10,(anonymous_14)
FNDA:10,(anonymous_15)
FNDA:8,(anonymous_16)
FNDA:8,(anonymous_17)
FNDA:5,(anonymous_18)
FNDA:3,(anonymous_19)
FNDA:11,(anonymous_21)
DA:1,1
DA:13,1
DA:14,1
DA:15,1
DA:16,1
DA:17,1
DA:18,1
DA:28,11
DA:34,1
DA:35,11
DA:37,11
DA:38,11
DA:39,11
DA:40,11
DA:41,11
DA:42,11
DA:44,11
DA:45,11
DA:47,11
DA:48,11
DA:49,11
DA:51,23
DA:53,11
DA:54,11
DA:57,11
DA:58,5
DA:61,11
DA:62,3
DA:66,11
DA:67,11
DA:70,3
DA:71,2
DA:72,2
DA:73,2
DA:75,1
DA:76,1
DA:81,11
DA:85,0
DA:89,1
DA:93,7
DA:97,5
DA:101,1
DA:102,0
DA:105,1
DA:107,1
DA:108,1
DA:110,1
DA:117,1
DA:118,1
DA:120,1
DA:121,1
DA:123,1
DA:124,1
DA:126,1
DA:127,1
DA:129,1
DA:130,1
DA:134,10
DA:138,10
DA:139,0
DA:142,10
DA:144,10
DA:152,8
DA:153,0
DA:156,8
DA:158,8
DA:166,8
DA:167,3
DA:172,5
DA:173,0
DA:176,5
DA:178,5
DA:180,5
DA:182,5
DA:184,5
DA:188,3
DA:189,0
DA:192,3
DA:194,3
DA:196,3
DA:198,3
DA:200,3
LF:82
LH:76
BRDA:70,0,0,2
BRDA:70,0,1,1
BRDA:101,1,0,0
BRDA:138,2,0,0
BRDA:144,3,0,0
BRDA:144,3,1,10
BRDA:152,4,0,0
BRDA:158,5,0,8
BRDA:158,5,1,8
BRDA:166,6,0,3
BRDA:172,7,0,0
BRDA:188,8,0,0
BRF:12
BRH:6
end_of_record
TN:
SF:projects/spr-components-v2/src/lib/components/badge/badge.html
FNF:0
FNH:0
DA:1,5
LF:1
LH:1
BRF:0
BRH:0
end_of_record
TN:
SF:projects/spr-components-v2/src/lib/components/badge/badge.options.ts
FNF:0
FNH:0
DA:1,5
DA:6,5
DA:11,5
DA:30,5
LF:4
LH:4
BRF:0
BRH:0
end_of_record
TN:
SF:projects/spr-components-v2/src/lib/components/badge/badge.ts
FN:10,(anonymous_0)
FNF:1
FNH:1
FNDA:7,(anonymous_0)
DA:1,5
DA:2,5
DA:10,5
DA:15,7
DA:23,7
DA:31,7
LF:6
LH:6
BRF:0
BRH:0
end_of_record
TN:
SF:projects/spr-components-v2/src/lib/components/badge/base-badge.ts
FN:11,(anonymous_0)
FNF:1
FNH:1
FNDA:7,(anonymous_0)
DA:1,5
DA:2,5
DA:11,5
DA:16,7
DA:22,7
DA:28,7
LF:6
LH:6
BRF:0
BRH:0
end_of_record
TN:
SF:projects/spr-components-v2/src/lib/components/badge/index.ts
FNF:0
FNH:0
DA:1,4
DA:2,4
LF:2
LH:2
BRF:0
BRH:0
end_of_record
TN:
SF:projects/spr-components-v2/src/lib/components/bottom-bar/bottom-bar.html
FNF:0
FNH:0
DA:1,1
LF:1
LH:1
BRF:0
BRH:0
end_of_record
TN:
SF:projects/spr-components-v2/src/lib/components/bottom-bar/bottom-bar.ts
FNF:0
FNH:0
DA:1,1
DA:2,1
DA:11,1
LF:3
LH:3
BRF:0
BRH:0
end_of_record
TN:
SF:projects/spr-components-v2/src/lib/components/breadcrumbs/breadcrumbs.html
FNF:0
FNH:0
DA:1,1
LF:1
LH:1
BRF:0
BRH:0
end_of_record
TN:
SF:projects/spr-components-v2/src/lib/components/breadcrumbs/breadcrumbs.ts
FN:17,(anonymous_0)
FN:37,(anonymous_1)
FN:41,(anonymous_2)
FNF:3
FNH:2
FNDA:3,(anonymous_0)
FNDA:0,(anonymous_1)
FNDA:3,(anonymous_2)
DA:1,1
DA:3,1
DA:4,1
DA:5,1
DA:17,1
DA:18,3
DA:24,3
DA:30,3
DA:35,3
DA:38,0
DA:42,3
LF:11
LH:10
BRF:0
BRH:0
end_of_record
TN:
SF:projects/spr-components-v2/src/lib/components/button/button-classes.pipe.ts
FN:8,(anonymous_0)
FNF:1
FNH:1
FNDA:126,(anonymous_0)
DA:1,32
DA:7,32
DA:9,126
DA:11,126
DA:12,77
DA:14,49
DA:17,126
DA:18,5
DA:21,126
LF:9
LH:9
BRDA:11,0,0,77
BRDA:11,0,1,49
BRDA:17,1,0,5
BRF:3
BRH:3
end_of_record
TN:
SF:projects/spr-components-v2/src/lib/components/button/button.html
FNF:0
FNH:0
DA:1,32
LF:1
LH:1
BRF:0
BRH:0
end_of_record
TN:
SF:projects/spr-components-v2/src/lib/components/button/button.ts
FN:17,(anonymous_0)
FNF:1
FNH:1
FNDA:129,(anonymous_0)
DA:1,32
DA:2,32
DA:3,32
DA:4,32
DA:6,32
DA:17,32
DA:18,129
DA:19,129
DA:20,129
DA:21,129
DA:22,129
DA:23,129
DA:24,129
DA:25,129
LF:14
LH:14
BRF:0
BRH:0
end_of_record
TN:
SF:projects/spr-components-v2/src/lib/components/button/index.ts
FNF:0
FNH:0
DA:1,31
LF:1
LH:1
BRF:0
BRH:0
end_of_record
TN:
SF:projects/spr-components-v2/src/lib/components/checkbox/checkbox.component.html
FNF:0
FNH:0
DA:1,12
LF:1
LH:1
BRF:0
BRH:0
end_of_record
TN:
SF:projects/spr-components-v2/src/lib/components/checkbox/checkbox.component.ts
FN:24,(anonymous_0)
FN:38,(anonymous_1)
FNF:2
FNH:2
FNDA:19,(anonymous_0)
FNDA:19,(anonymous_1)
DA:1,12
DA:2,12
DA:3,12
DA:4,12
DA:5,12
DA:6,12
DA:8,12
DA:24,12
DA:25,19
DA:26,19
DA:27,19
DA:28,19
DA:31,19
DA:34,19
DA:35,19
DA:36,19
DA:39,19
LF:17
LH:17
BRF:0
BRH:0
end_of_record
TN:
SF:projects/spr-components-v2/src/lib/components/checkbox/index.ts
FNF:0
FNH:0
DA:2,11
LF:1
LH:1
BRF:0
BRH:0
end_of_record
TN:
SF:projects/spr-components-v2/src/lib/components/chips/chips.component.html
FNF:0
FNH:0
DA:1,2
LF:1
LH:1
BRF:0
BRH:0
end_of_record
TN:
SF:projects/spr-components-v2/src/lib/components/chips/chips.component.ts
FN:12,(anonymous_0)
FNF:1
FNH:1
FNDA:8,(anonymous_0)
DA:1,2
DA:2,2
DA:12,2
DA:13,8
DA:14,8
DA:15,8
DA:16,8
DA:17,8
DA:18,8
LF:9
LH:9
BRF:0
BRH:0
end_of_record
TN:
SF:projects/spr-components-v2/src/lib/components/confirm-modal/confirm-modal.html
FNF:0
FNH:0
DA:1,1
LF:1
LH:1
BRF:0
BRH:0
end_of_record
TN:
SF:projects/spr-components-v2/src/lib/components/confirm-modal/confirm-modal.ts
FN:16,(anonymous_0)
FN:20,(anonymous_1)
FN:22,(anonymous_2)
FNF:3
FNH:3
FNDA:8,(anonymous_0)
FNDA:1,(anonymous_1)
FNDA:9,(anonymous_2)
DA:1,1
DA:2,1
DA:4,1
DA:6,1
DA:7,1
DA:16,1
DA:20,8
DA:23,9
LF:8
LH:8
BRF:0
BRH:0
end_of_record
TN:
SF:projects/spr-components-v2/src/lib/components/currency-input/currency-input.html
FNF:0
FNH:0
DA:1,2
LF:1
LH:1
BRF:0
BRH:0
end_of_record
TN:
SF:projects/spr-components-v2/src/lib/components/currency-input/currency-input.options.ts
FN:14,(anonymous_0)
FNF:1
FNH:1
FNDA:11,(anonymous_0)
DA:1,2
DA:13,2
DA:14,11
LF:3
LH:3
BRF:0
BRH:0
end_of_record
TN:
SF:projects/spr-components-v2/src/lib/components/currency-input/currency-input.ts
FN:38,(anonymous_0)
FN:83,(anonymous_1)
FN:89,(anonymous_2)
FN:93,(anonymous_3)
FN:100,(anonymous_4)
FN:103,(anonymous_5)
FN:112,(anonymous_6)
FN:124,(anonymous_7)
FNF:8
FNH:8
FNDA:11,(anonymous_0)
FNDA:5,(anonymous_1)
FNDA:1,(anonymous_2)
FNDA:11,(anonymous_3)
FNDA:4,(anonymous_4)
FNDA:6,(anonymous_5)
FNDA:6,(anonymous_6)
FNDA:6,(anonymous_7)
DA:1,2
DA:2,2
DA:13,2
DA:14,2
DA:15,2
DA:16,2
DA:17,2
DA:18,2
DA:19,2
DA:20,2
DA:21,2
DA:38,2
DA:39,11
DA:44,11
DA:49,11
DA:54,11
DA:59,11
DA:64,11
DA:69,11
DA:74,11
DA:79,11
DA:81,11
DA:84,5
DA:85,5
DA:90,1
DA:94,11
DA:101,4
DA:104,6
DA:105,6
DA:106,4
DA:108,6
DA:113,6
DA:125,6
DA:126,6
DA:127,1
DA:128,1
DA:131,6
DA:132,1
DA:135,6
DA:136,0
DA:139,6
DA:140,3
DA:142,3
DA:143,0
DA:146,3
DA:148,3
DA:149,0
DA:150,0
DA:153,3
DA:154,3
DA:156,3
DA:157,2
DA:162,6
LF:53
LH:49
BRDA:84,0,0,5
BRDA:90,1,0,0
BRDA:90,1,1,1
BRDA:105,2,0,4
BRDA:126,3,0,1
BRDA:126,4,0,6
BRDA:126,4,1,1
BRDA:131,5,0,1
BRDA:135,6,0,0
BRDA:139,7,0,3
BRDA:139,7,1,3
BRDA:142,8,0,0
BRDA:142,9,0,3
BRDA:142,9,1,0
BRDA:148,10,0,0
BRDA:148,11,0,3
BRDA:148,11,1,3
BRDA:153,12,0,3
BRDA:156,13,0,2
BRDA:156,14,0,3
BRDA:156,14,1,3
BRDA:162,15,0,1
BRDA:162,15,1,5
BRF:23
BRH:18
end_of_record
TN:
SF:projects/spr-components-v2/src/lib/components/currency-input/index.ts
FNF:0
FNH:0
DA:1,1
DA:2,1
LF:2
LH:2
BRF:0
BRH:0
end_of_record
TN:
SF:projects/spr-components-v2/src/lib/components/datepicker/base-datepicker.ts
FN:33,(anonymous_0)
FN:60,(anonymous_1)
FN:74,(anonymous_2)
FN:93,(anonymous_3)
FN:97,(anonymous_4)
FN:101,(anonymous_5)
FN:105,(anonymous_6)
FN:109,(anonymous_7)
FN:113,(anonymous_8)
FNF:9
FNH:9
FNDA:30,(anonymous_0)
FNDA:13,(anonymous_1)
FNDA:12,(anonymous_2)
FNDA:104,(anonymous_3)
FNDA:4,(anonymous_4)
FNDA:1,(anonymous_5)
FNDA:1,(anonymous_6)
FNDA:1,(anonymous_7)
FNDA:1,(anonymous_8)
DA:1,6
DA:2,6
DA:3,6
DA:4,6
DA:5,6
DA:6,6
DA:8,6
DA:9,6
DA:33,6
DA:37,30
DA:39,30
DA:40,30
DA:45,30
DA:46,30
DA:47,30
DA:48,30
DA:49,30
DA:50,30
DA:52,30
DA:53,30
DA:54,30
DA:55,30
DA:56,30
DA:57,30
DA:58,30
DA:60,30
DA:61,13
DA:63,13
DA:65,13
DA:66,11
DA:68,11
DA:71,2
DA:74,30
DA:75,12
DA:76,12
DA:78,12
DA:79,10
DA:81,10
DA:84,2
DA:86,2
DA:87,0
DA:90,2
DA:94,104
DA:98,4
DA:102,1
DA:106,1
DA:110,1
DA:114,1
DA:116,1
DA:117,0
DA:119,1
LF:51
LH:49
BRDA:63,0,0,13
BRDA:63,0,1,11
BRDA:65,1,0,11
BRDA:76,2,0,12
BRDA:76,2,1,10
BRDA:78,3,0,10
BRDA:86,4,0,0
BRDA:102,5,0,1
BRDA:102,5,1,0
BRDA:116,6,0,0
BRDA:116,6,1,1
BRF:11
BRH:8
end_of_record
TN:
SF:projects/spr-components-v2/src/lib/components/datepicker/date-adapter.ts
FN:17,(anonymous_0)
FN:21,(anonymous_1)
FN:28,(anonymous_2)
FN:50,(anonymous_3)
FN:60,(anonymous_4)
FN:64,(anonymous_5)
FN:71,(anonymous_6)
FN:80,(anonymous_7)
FNF:8
FNH:0
FNDA:0,(anonymous_0)
FNDA:0,(anonymous_1)
FNDA:0,(anonymous_2)
FNDA:0,(anonymous_3)
FNDA:0,(anonymous_4)
FNDA:0,(anonymous_5)
FNDA:0,(anonymous_6)
FNDA:0,(anonymous_7)
DA:2,6
DA:3,6
DA:5,6
DA:10,6
DA:16,6
DA:18,0
DA:22,0
DA:27,6
DA:29,0
DA:30,0
DA:32,0
DA:33,0
DA:35,0
DA:36,0
DA:38,0
DA:51,0
DA:59,6
DA:61,0
DA:65,0
DA:70,6
DA:72,0
DA:74,0
DA:81,0
LF:23
LH:8
BRF:0
BRH:0
end_of_record
TN:
SF:projects/spr-components-v2/src/lib/components/datepicker/date-formatter.ts
FN:26,(anonymous_0)
FN:28,(anonymous_1)
FN:33,(anonymous_2)
FN:37,(anonymous_3)
FN:74,(anonymous_4)
FN:76,(anonymous_5)
FN:80,(anonymous_6)
FN:106,(anonymous_7)
FN:109,(anonymous_8)
FN:134,(anonymous_9)
FN:143,(anonymous_10)
FN:144,(anonymous_11)
FN:149,(anonymous_12)
FN:154,(anonymous_13)
FN:157,(anonymous_14)
FN:164,(anonymous_15)
FN:169,(anonymous_16)
FN:182,(anonymous_17)
FN:186,(anonymous_18)
FN:190,(anonymous_19)
FN:194,(anonymous_20)
FN:200,(anonymous_21)
FN:204,(anonymous_22)
FN:208,(anonymous_23)
FN:212,(anonymous_24)
FN:226,(anonymous_25)
FN:232,(anonymous_26)
FN:239,(anonymous_27)
FN:257,(anonymous_28)
FN:268,(anonymous_29)
FNF:30
FNH:14
FNDA:7,(anonymous_0)
FNDA:70,(anonymous_1)
FNDA:70,(anonymous_2)
FNDA:0,(anonymous_3)
FNDA:2,(anonymous_4)
FNDA:20,(anonymous_5)
FNDA:0,(anonymous_6)
FNDA:9,(anonymous_7)
FNDA:0,(anonymous_8)
FNDA:9,(anonymous_9)
FNDA:2,(anonymous_10)
FNDA:7,(anonymous_11)
FNDA:0,(anonymous_12)
FNDA:0,(anonymous_13)
FNDA:0,(anonymous_14)
FNDA:39,(anonymous_15)
FNDA:9,(anonymous_16)
FNDA:0,(anonymous_17)
FNDA:0,(anonymous_18)
FNDA:0,(anonymous_19)
FNDA:0,(anonymous_20)
FNDA:39,(anonymous_21)
FNDA:0,(anonymous_22)
FNDA:2,(anonymous_23)
FNDA:9,(anonymous_24)
FNDA:0,(anonymous_25)
FNDA:0,(anonymous_26)
FNDA:0,(anonymous_27)
FNDA:0,(anonymous_28)
FNDA:0,(anonymous_29)
DA:2,6
DA:3,6
DA:26,7
DA:28,70
DA:33,70
DA:38,0
DA:40,0
DA:42,0
DA:43,0
DA:49,0
DA:51,0
DA:53,0
DA:54,0
DA:56,0
DA:58,0
DA:61,0
DA:62,0
DA:64,0
DA:65,0
DA:69,0
DA:74,6
DA:76,20
DA:81,0
DA:83,0
DA:84,0
DA:90,0
DA:92,0
DA:94,0
DA:95,0
DA:97,0
DA:98,0
DA:101,0
DA:106,9
DA:110,0
DA:112,0
DA:113,0
DA:119,0
DA:134,6
DA:139,9
DA:140,9
DA:142,9
DA:143,2
DA:144,7
DA:149,0
DA:152,9
DA:154,9
DA:155,9
DA:157,0
DA:158,0
DA:160,0
DA:164,6
DA:167,39
DA:169,39
DA:170,9
DA:171,9
DA:173,9
DA:182,6
DA:183,0
DA:184,0
DA:187,0
DA:191,0
DA:195,0
DA:200,6
DA:201,39
DA:202,39
DA:205,0
DA:209,2
DA:213,9
DA:226,6
DA:227,0
DA:228,0
DA:230,0
DA:232,0
DA:233,0
DA:234,0
DA:236,0
DA:240,0
DA:241,0
DA:244,0
DA:246,0
DA:248,0
DA:250,0
DA:252,0
DA:258,0
DA:260,0
DA:262,0
DA:264,0
DA:269,0
LF:88
LH:30
BRDA:28,0,0,14
BRDA:28,0,1,56
BRDA:29,1,0,1
BRDA:29,1,1,6
BRDA:33,2,0,14
BRDA:33,2,1,56
BRDA:34,3,0,1
BRDA:34,3,1,6
BRDA:42,4,0,0
BRDA:42,5,0,0
BRDA:42,5,1,0
BRDA:51,6,0,0
BRDA:51,6,1,0
BRDA:54,7,0,0
BRDA:54,7,1,0
BRDA:62,8,0,0
BRDA:62,8,1,0
BRDA:76,9,0,4
BRDA:76,9,1,16
BRDA:77,10,0,0
BRDA:77,10,1,2
BRDA:83,11,0,0
BRDA:83,12,0,0
BRDA:83,12,1,0
BRDA:92,13,0,0
BRDA:92,13,1,0
BRDA:112,14,0,0
BRDA:112,15,0,0
BRDA:112,15,1,0
BRDA:136,16,0,0
BRDA:140,17,0,9
BRDA:140,17,1,0
BRDA:143,18,0,0
BRDA:143,18,1,2
BRDA:144,19,0,1
BRDA:144,19,1,6
BRDA:145,20,0,9
BRDA:145,20,1,0
BRDA:148,21,0,9
BRDA:148,21,1,0
BRDA:152,22,0,9
BRDA:152,22,1,0
BRDA:152,22,2,0
BRDA:240,23,0,0
BRDA:244,24,0,0
BRDA:244,24,1,0
BRDA:244,24,2,0
BRDA:258,25,0,0
BRDA:258,25,1,0
BRDA:258,25,2,0
BRDA:264,26,0,0
BRDA:264,26,1,0
BRF:52
BRH:18
end_of_record
TN:
SF:projects/spr-components-v2/src/lib/components/datepicker/datepicker-toggle.directive.ts
FN:15,(anonymous_0)
FN:16,(anonymous_1)
FN:23,(anonymous_2)
FNF:3
FNH:3
FNDA:1,(anonymous_0)
FNDA:1,(anonymous_1)
FNDA:1,(anonymous_2)
DA:1,4
DA:10,4
DA:11,1
DA:13,1
DA:16,1
DA:17,1
DA:19,1
DA:24,1
DA:26,1
DA:27,0
DA:30,1
LF:11
LH:10
BRDA:26,0,0,0
BRF:1
BRH:0
end_of_record
TN:
SF:projects/spr-components-v2/src/lib/components/datepicker/datepicker.util.ts
FN:64,(anonymous_0)
FN:111,(anonymous_1)
FN:119,(anonymous_2)
FN:121,(anonymous_3)
FN:135,(anonymous_4)
FN:161,(anonymous_5)
FN:187,(anonymous_6)
FN:201,(anonymous_7)
FN:205,(anonymous_8)
FN:212,(anonymous_9)
FN:228,(anonymous_10)
FN:244,(anonymous_11)
FN:253,(anonymous_12)
FN:266,(anonymous_13)
FN:285,(anonymous_14)
FN:303,(anonymous_15)
FN:319,(anonymous_16)
FN:335,(anonymous_17)
FN:351,(anonymous_18)
FN:367,(anonymous_19)
FN:385,(anonymous_20)
FN:397,(anonymous_21)
FN:468,(anonymous_22)
FNF:23
FNH:13
FNDA:10,(anonymous_0)
FNDA:17,(anonymous_1)
FNDA:0,(anonymous_2)
FNDA:0,(anonymous_3)
FNDA:0,(anonymous_4)
FNDA:0,(anonymous_5)
FNDA:0,(anonymous_6)
FNDA:2,(anonymous_7)
FNDA:3,(anonymous_8)
FNDA:1,(anonymous_9)
FNDA:0,(anonymous_10)
FNDA:27,(anonymous_11)
FNDA:2,(anonymous_12)
FNDA:25,(anonymous_13)
FNDA:26,(anonymous_14)
FNDA:0,(anonymous_15)
FNDA:0,(anonymous_16)
FNDA:2,(anonymous_17)
FNDA:0,(anonymous_18)
FNDA:0,(anonymous_19)
FNDA:2,(anonymous_20)
FNDA:9,(anonymous_21)
FNDA:5,(anonymous_22)
DA:1,10
DA:3,10
DA:21,10
DA:23,10
DA:24,10
DA:26,10
DA:31,10
DA:37,10
DA:42,10
DA:48,10
DA:53,10
DA:62,10
DA:64,10
DA:65,10
DA:66,10
DA:67,10
DA:68,10
DA:69,10
DA:70,10
DA:71,10
DA:72,10
DA:73,10
DA:74,10
DA:75,10
DA:76,10
DA:77,10
DA:78,10
DA:110,10
DA:111,17
DA:119,10
DA:121,10
DA:122,0
DA:124,0
DA:125,0
DA:128,0
DA:129,0
DA:132,0
DA:135,10
DA:136,0
DA:137,0
DA:138,0
DA:140,0
DA:142,0
DA:144,0
DA:145,0
DA:148,0
DA:149,0
DA:151,0
DA:152,0
DA:154,0
DA:155,0
DA:158,0
DA:161,10
DA:162,0
DA:163,0
DA:164,0
DA:166,0
DA:168,0
DA:170,0
DA:171,0
DA:174,0
DA:175,0
DA:177,0
DA:178,0
DA:180,0
DA:181,0
DA:184,0
DA:187,10
DA:188,0
DA:190,0
DA:191,0
DA:194,0
DA:195,0
DA:196,0
DA:198,0
DA:201,10
DA:202,2
DA:205,10
DA:206,3
DA:207,3
DA:209,3
DA:212,10
DA:213,1
DA:215,1
DA:217,1
DA:218,1
DA:219,1
DA:220,1
DA:222,1
DA:225,0
DA:228,10
DA:229,0
DA:231,0
DA:233,0
DA:234,0
DA:235,0
DA:236,0
DA:238,0
DA:241,0
DA:244,10
DA:245,27
DA:247,27
DA:253,10
DA:254,2
DA:255,0
DA:258,2
DA:260,2
DA:266,10
DA:267,25
DA:268,2
DA:269,2
DA:271,2
DA:274,23
DA:275,0
DA:278,23
DA:279,2
DA:282,21
DA:285,10
DA:286,26
DA:287,8
DA:290,18
DA:292,18
DA:294,18
DA:295,16
DA:296,16
DA:297,16
DA:300,18
DA:303,10
DA:307,0
DA:309,0
DA:310,0
DA:311,0
DA:313,0
DA:319,10
DA:323,0
DA:325,0
DA:326,0
DA:327,0
DA:329,0
DA:335,10
DA:341,2
DA:343,2
DA:344,2
DA:346,2
DA:348,2
DA:351,10
DA:357,0
DA:359,0
DA:360,0
DA:362,0
DA:364,0
DA:367,10
DA:374,0
DA:375,0
DA:376,0
DA:378,0
DA:385,10
DA:386,2
DA:387,2
DA:388,2
DA:390,2
DA:397,10
DA:398,9
DA:402,9
DA:404,0
DA:405,0
DA:406,0
DA:408,2
DA:409,2
DA:410,2
DA:412,0
DA:413,0
DA:414,0
DA:415,0
DA:418,1
DA:419,1
DA:420,1
DA:421,1
DA:424,1
DA:425,1
DA:426,1
DA:427,1
DA:428,1
DA:431,1
DA:432,1
DA:433,1
DA:434,1
DA:437,1
DA:438,1
DA:439,1
DA:441,1
DA:442,1
DA:443,1
DA:445,0
DA:446,0
DA:447,0
DA:449,0
DA:450,0
DA:451,0
DA:453,1
DA:454,1
DA:455,1
DA:456,1
DA:459,1
DA:462,8
DA:468,10
DA:469,5
DA:471,5
LF:208
LH:124
BRDA:64,0,0,10
BRDA:64,0,1,10
BRDA:119,1,0,0
BRDA:119,1,1,0
BRDA:119,2,0,0
BRDA:119,2,1,0
BRDA:124,3,0,0
BRDA:128,4,0,0
BRDA:135,5,0,0
BRDA:144,6,0,0
BRDA:144,7,0,0
BRDA:144,7,1,0
BRDA:144,7,2,0
BRDA:144,7,3,0
BRDA:148,8,0,0
BRDA:148,8,1,0
BRDA:149,9,0,0
BRDA:149,9,1,0
BRDA:152,10,0,0
BRDA:152,10,1,0
BRDA:154,11,0,0
BRDA:161,12,0,0
BRDA:170,13,0,0
BRDA:170,14,0,0
BRDA:170,14,1,0
BRDA:170,14,2,0
BRDA:170,14,3,0
BRDA:170,14,4,0
BRDA:174,15,0,0
BRDA:174,15,1,0
BRDA:175,16,0,0
BRDA:175,16,1,0
BRDA:178,17,0,0
BRDA:178,17,1,0
BRDA:180,18,0,0
BRDA:190,19,0,0
BRDA:190,20,0,0
BRDA:190,20,1,0
BRDA:190,20,2,0
BRDA:194,21,0,0
BRDA:194,21,1,0
BRDA:195,22,0,0
BRDA:195,22,1,0
BRDA:195,23,0,0
BRDA:195,23,1,0
BRDA:196,24,0,0
BRDA:196,24,1,0
BRDA:196,25,0,0
BRDA:196,25,1,0
BRDA:202,26,0,2
BRDA:202,26,1,2
BRDA:202,26,2,2
BRDA:213,27,0,1
BRDA:213,27,1,0
BRDA:215,28,0,1
BRDA:215,28,1,0
BRDA:217,29,0,1
BRDA:217,30,0,1
BRDA:217,30,1,1
BRDA:229,31,0,0
BRDA:229,31,1,0
BRDA:231,32,0,0
BRDA:231,32,1,0
BRDA:233,33,0,0
BRDA:233,34,0,0
BRDA:233,34,1,0
BRDA:245,35,0,27
BRDA:245,35,1,27
BRDA:248,36,0,27
BRDA:248,36,1,0
BRDA:249,37,0,27
BRDA:249,37,1,0
BRDA:254,38,0,0
BRDA:254,39,0,2
BRDA:254,39,1,2
BRDA:267,40,0,2
BRDA:268,41,0,0
BRDA:268,41,1,2
BRDA:268,42,0,0
BRDA:268,42,1,2
BRDA:269,43,0,0
BRDA:269,43,1,2
BRDA:269,44,0,0
BRDA:269,44,1,2
BRDA:274,45,0,0
BRDA:275,46,0,0
BRDA:275,46,1,0
BRDA:278,47,0,2
BRDA:279,48,0,2
BRDA:279,48,1,0
BRDA:286,49,0,8
BRDA:292,50,0,18
BRDA:292,50,1,0
BRDA:292,51,0,16
BRDA:292,51,1,2
BRDA:294,52,0,16
BRDA:305,53,0,0
BRDA:310,54,0,0
BRDA:310,55,0,0
BRDA:310,56,0,0
BRDA:311,57,0,0
BRDA:311,58,0,0
BRDA:311,59,0,0
BRDA:311,60,0,0
BRDA:311,60,1,0
BRDA:321,61,0,0
BRDA:326,62,0,0
BRDA:326,63,0,0
BRDA:326,64,0,0
BRDA:327,65,0,0
BRDA:327,66,0,0
BRDA:327,67,0,0
BRDA:327,68,0,0
BRDA:327,68,1,0
BRDA:338,69,0,0
BRDA:339,70,0,2
BRDA:341,71,0,0
BRDA:341,71,1,2
BRDA:343,72,0,0
BRDA:343,72,1,2
BRDA:344,73,0,2
BRDA:344,73,1,2
BRDA:346,74,0,2
BRDA:346,74,1,0
BRDA:348,75,0,0
BRDA:348,75,1,2
BRDA:354,76,0,0
BRDA:355,77,0,0
BRDA:357,78,0,0
BRDA:357,78,1,0
BRDA:359,79,0,0
BRDA:359,79,1,0
BRDA:360,80,0,0
BRDA:360,80,1,0
BRDA:362,81,0,0
BRDA:362,81,1,0
BRDA:364,82,0,0
BRDA:364,82,1,0
BRDA:374,83,0,0
BRDA:374,83,1,0
BRDA:375,84,0,0
BRDA:375,84,1,0
BRDA:376,85,0,0
BRDA:376,85,1,0
BRDA:386,86,0,2
BRDA:386,86,1,0
BRDA:387,87,0,2
BRDA:387,87,1,0
BRDA:388,88,0,2
BRDA:388,88,1,0
BRDA:402,89,0,0
BRDA:402,89,1,2
BRDA:402,89,2,0
BRDA:402,89,3,1
BRDA:402,89,4,1
BRDA:402,89,5,1
BRDA:402,89,6,1
BRDA:402,89,7,1
BRDA:402,89,8,0
BRDA:402,89,9,0
BRDA:402,89,10,1
BRDA:402,89,11,1
BRF:162
BRH:46
end_of_record
TN:
SF:projects/spr-components-v2/src/lib/components/datepicker/index.ts
FN:1,(anonymous_0)
FN:4,(anonymous_1)
FN:11,(anonymous_2)
FN:12,(anonymous_3)
FN:13,(anonymous_4)
FN:14,(anonymous_5)
FN:15,(anonymous_6)
FN:16,(anonymous_7)
FN:17,(anonymous_8)
FN:18,(anonymous_9)
FN:19,(anonymous_10)
FN:20,(anonymous_11)
FN:21,(anonymous_12)
FN:22,(anonymous_13)
FN:23,(anonymous_14)
FN:24,(anonymous_15)
FN:25,(anonymous_16)
FN:31,(anonymous_17)
FN:32,(anonymous_18)
FN:33,(anonymous_19)
FNF:20
FNH:1
FNDA:0,(anonymous_0)
FNDA:0,(anonymous_1)
FNDA:0,(anonymous_2)
FNDA:0,(anonymous_3)
FNDA:0,(anonymous_4)
FNDA:0,(anonymous_5)
FNDA:0,(anonymous_6)
FNDA:0,(anonymous_7)
FNDA:0,(anonymous_8)
FNDA:0,(anonymous_9)
FNDA:0,(anonymous_10)
FNDA:0,(anonymous_11)
FNDA:0,(anonymous_12)
FNDA:0,(anonymous_13)
FNDA:0,(anonymous_14)
FNDA:0,(anonymous_15)
FNDA:0,(anonymous_16)
FNDA:0,(anonymous_17)
FNDA:0,(anonymous_18)
FNDA:3,(anonymous_19)
DA:1,3
DA:3,3
DA:4,3
DA:11,3
DA:12,3
DA:13,3
DA:14,3
DA:15,3
DA:16,3
DA:17,3
DA:18,3
DA:19,3
DA:20,3
DA:21,3
DA:22,3
DA:23,3
DA:24,3
DA:25,3
DA:28,3
DA:29,3
DA:31,3
DA:32,3
DA:33,6
LF:23
LH:23
BRF:0
BRH:0
end_of_record
TN:
SF:projects/spr-components-v2/src/lib/components/datepicker/datepicker/datepicker.html
FNF:0
FNH:0
DA:1,4
LF:1
LH:1
BRF:0
BRH:0
end_of_record
TN:
SF:projects/spr-components-v2/src/lib/components/datepicker/datepicker/datepicker.ts
FN:48,(anonymous_0)
FN:66,(anonymous_1)
FN:82,(anonymous_2)
FN:100,(anonymous_3)
FN:104,(anonymous_4)
FN:113,(anonymous_5)
FN:122,(anonymous_6)
FN:145,(anonymous_7)
FN:149,(anonymous_8)
FN:166,(anonymous_9)
FN:195,(anonymous_10)
FN:199,(anonymous_11)
FN:201,(anonymous_12)
FN:206,(anonymous_13)
FN:212,(anonymous_14)
FNF:15
FNH:9
FNDA:13,(anonymous_0)
FNDA:2,(anonymous_1)
FNDA:0,(anonymous_2)
FNDA:1,(anonymous_3)
FNDA:1,(anonymous_4)
FNDA:2,(anonymous_5)
FNDA:0,(anonymous_6)
FNDA:0,(anonymous_7)
FNDA:5,(anonymous_8)
FNDA:0,(anonymous_9)
FNDA:1,(anonymous_10)
FNDA:0,(anonymous_11)
FNDA:0,(anonymous_12)
FNDA:1,(anonymous_13)
FNDA:2,(anonymous_14)
DA:1,4
DA:2,4
DA:3,4
DA:4,4
DA:5,4
DA:6,4
DA:7,4
DA:8,4
DA:9,4
DA:10,4
DA:11,4
DA:12,4
DA:13,4
DA:14,4
DA:15,4
DA:16,4
DA:17,4
DA:18,4
DA:19,4
DA:48,4
DA:52,13
DA:53,13
DA:55,13
DA:58,13
DA:64,13
DA:66,13
DA:67,2
DA:68,2
DA:71,0
DA:72,0
DA:75,0
DA:78,13
DA:80,13
DA:82,13
DA:83,0
DA:85,0
DA:86,0
DA:89,0
DA:92,13
DA:93,13
DA:94,13
DA:95,13
DA:97,13
DA:98,13
DA:101,1
DA:105,1
DA:110,1
DA:114,2
DA:116,2
DA:118,2
DA:119,2
DA:123,0
DA:124,0
DA:126,0
DA:127,0
DA:129,0
DA:133,0
DA:135,0
DA:137,0
DA:138,0
DA:140,0
DA:141,0
DA:146,0
DA:150,5
DA:151,3
DA:158,3
DA:161,2
DA:163,2
DA:167,0
DA:169,0
DA:171,0
DA:173,0
DA:174,0
DA:177,0
DA:178,0
DA:180,0
DA:181,0
DA:183,0
DA:186,0
DA:187,0
DA:189,0
DA:192,0
DA:196,1
DA:199,0
DA:202,0
DA:207,1
DA:213,2
LF:87
LH:52
BRDA:56,0,0,13
BRDA:56,0,1,0
BRDA:59,1,0,13
BRDA:59,1,1,13
BRDA:67,2,0,2
BRDA:71,3,0,0
BRDA:85,4,0,0
BRDA:123,5,0,0
BRDA:126,6,0,0
BRDA:137,7,0,0
BRDA:137,7,1,0
BRDA:150,8,0,3
BRDA:173,9,0,0
BRDA:180,10,0,0
BRDA:186,11,0,0
BRDA:199,12,0,0
BRDA:199,12,1,0
BRDA:199,12,2,0
BRF:18
BRH:5
end_of_record
TN:
SF:projects/spr-components-v2/src/lib/components/datepicker/datepicker/index.ts
FNF:0
FNH:0
DA:1,3
LF:1
LH:1
BRF:0
BRH:0
end_of_record
TN:
SF:projects/spr-components-v2/src/lib/components/datepicker/datepicker-day/datepicker-day.html
FNF:0
FNH:0
DA:1,7
LF:1
LH:1
BRF:0
BRH:0
end_of_record
TN:
SF:projects/spr-components-v2/src/lib/components/datepicker/datepicker-day/datepicker-day.ts
FN:12,(anonymous_0)
FN:24,(anonymous_1)
FN:35,(anonymous_2)
FN:42,(anonymous_3)
FN:53,(anonymous_4)
FN:63,(anonymous_5)
FN:78,(anonymous_6)
FN:86,(anonymous_7)
FNF:8
FNH:8
FNDA:85,(anonymous_0)
FNDA:9,(anonymous_1)
FNDA:85,(anonymous_2)
FNDA:88,(anonymous_3)
FNDA:89,(anonymous_4)
FNDA:88,(anonymous_5)
FNDA:86,(anonymous_6)
FNDA:85,(anonymous_7)
DA:1,7
DA:2,7
DA:3,7
DA:4,7
DA:12,7
DA:13,85
DA:14,85
DA:15,85
DA:17,85
DA:19,85
DA:20,85
DA:21,85
DA:22,85
DA:24,85
DA:25,9
DA:26,9
DA:28,9
DA:29,8
DA:32,1
DA:35,85
DA:36,85
DA:37,85
DA:39,85
DA:42,85
DA:43,88
DA:44,88
DA:46,88
DA:47,3
DA:50,85
DA:53,85
DA:54,89
DA:55,9
DA:58,80
DA:60,80
DA:63,85
DA:64,88
DA:65,8
DA:68,80
DA:69,80
DA:71,80
DA:72,79
DA:75,1
DA:78,85
DA:79,86
DA:81,86
DA:84,85
DA:87,85
LF:47
LH:47
BRDA:28,0,0,8
BRDA:39,1,0,85
BRDA:39,1,1,0
BRDA:46,2,0,3
BRDA:46,3,0,88
BRDA:46,3,1,3
BRDA:47,4,0,3
BRDA:47,4,1,3
BRDA:54,5,0,9
BRDA:60,6,0,80
BRDA:60,6,1,3
BRDA:64,7,0,8
BRDA:71,8,0,79
BRDA:71,9,0,80
BRDA:71,9,1,3
BRDA:71,9,2,3
BRDA:81,10,0,86
BRDA:81,10,1,86
BRF:18
BRH:17
end_of_record
TN:
SF:projects/spr-components-v2/src/lib/components/datepicker/datepicker-day/datepicker-day.util.ts
FN:4,(anonymous_0)
FN:7,(anonymous_1)
FN:10,(anonymous_2)
FNF:3
FNH:3
FNDA:5,(anonymous_0)
FNDA:3,(anonymous_1)
FNDA:3,(anonymous_2)
DA:1,7
DA:4,7
DA:5,5
DA:7,7
DA:8,3
DA:10,7
DA:11,3
LF:7
LH:7
BRDA:5,0,0,5
BRDA:5,0,1,5
BRDA:5,0,2,5
BRDA:5,0,3,0
BRDA:5,0,4,0
BRDA:5,0,5,0
BRDA:8,1,0,3
BRDA:8,1,1,2
BRDA:11,2,0,3
BRDA:11,2,1,2
BRDA:11,2,2,2
BRDA:11,2,3,2
BRF:12
BRH:9
end_of_record
TN:
SF:projects/spr-components-v2/src/lib/components/datepicker/datepicker-day/index.ts
FNF:0
FNH:0
DA:1,6
LF:1
LH:1
BRF:0
BRH:0
end_of_record
TN:
SF:projects/spr-components-v2/src/lib/components/datepicker/datepicker-month/datepicker-custom-day.ts
FN:17,(anonymous_0)
FN:20,(anonymous_1)
FNF:2
FNH:1
FNDA:1,(anonymous_0)
FNDA:0,(anonymous_1)
DA:1,6
DA:17,6
DA:18,1
DA:21,0
LF:4
LH:3
BRF:0
BRH:0
end_of_record
TN:
SF:projects/spr-components-v2/src/lib/components/datepicker/datepicker-month/datepicker-month.html
FNF:0
FNH:0
DA:1,6
LF:1
LH:1
BRF:0
BRH:0
end_of_record
TN:
SF:projects/spr-components-v2/src/lib/components/datepicker/datepicker-month/datepicker-month.ts
FN:47,(anonymous_0)
FN:34,(anonymous_1)
FN:37,(anonymous_2)
FN:50,(anonymous_3)
FN:61,(anonymous_4)
FN:72,(anonymous_5)
FN:76,(anonymous_6)
FN:90,(anonymous_7)
FN:98,(anonymous_8)
FN:106,(anonymous_9)
FN:110,(anonymous_10)
FN:114,(anonymous_11)
FN:115,(anonymous_12)
FNF:13
FNH:8
FNDA:1,(anonymous_0)
FNDA:0,(anonymous_1)
FNDA:0,(anonymous_2)
FNDA:1,(anonymous_3)
FNDA:1,(anonymous_4)
FNDA:1,(anonymous_5)
FNDA:1,(anonymous_6)
FNDA:0,(anonymous_7)
FNDA:0,(anonymous_8)
FNDA:2,(anonymous_9)
FNDA:1,(anonymous_10)
FNDA:1,(anonymous_11)
FNDA:0,(anonymous_12)
DA:1,6
DA:2,6
DA:3,6
DA:4,6
DA:5,6
DA:6,6
DA:7,6
DA:8,6
DA:9,6
DA:10,6
DA:11,6
DA:12,6
DA:22,6
DA:23,1
DA:24,1
DA:25,1
DA:27,1
DA:28,1
DA:29,1
DA:30,1
DA:31,1
DA:32,1
DA:34,1
DA:35,0
DA:37,0
DA:40,1
DA:42,1
DA:48,1
DA:50,1
DA:51,1
DA:52,1
DA:54,1
DA:55,0
DA:58,1
DA:61,1
DA:62,1
DA:64,1
DA:65,1
DA:68,0
DA:73,1
DA:77,1
DA:79,1
DA:91,0
DA:93,0
DA:95,0
DA:99,0
DA:101,0
DA:103,0
DA:107,2
DA:111,1
DA:115,1
DA:116,0
DA:118,0
DA:119,0
LF:54
LH:41
BRDA:54,0,0,0
BRDA:64,1,0,1
BRDA:80,2,0,0
BRDA:80,2,1,1
BRDA:83,3,0,1
BRDA:83,3,1,1
BRDA:84,4,0,1
BRDA:84,4,1,1
BRDA:111,5,0,1
BRDA:111,5,1,0
BRDA:116,6,0,0
BRDA:116,6,1,0
BRDA:116,7,0,0
BRDA:116,7,1,0
BRF:14
BRH:7
end_of_record
TN:
SF:projects/spr-components-v2/src/lib/components/datepicker/datepicker-month/index.ts
FNF:0
FNH:0
DA:1,6
DA:2,6
LF:2
LH:2
BRF:0
BRH:0
end_of_record
TN:
SF:projects/spr-components-v2/src/lib/components/datepicker/datepicker-month/month-navigation/month-navigation.html
FNF:0
FNH:0
DA:1,7
LF:1
LH:1
BRF:0
BRH:0
end_of_record
TN:
SF:projects/spr-components-v2/src/lib/components/datepicker/datepicker-month/month-navigation/month-navigation.ts
FN:56,(anonymous_0)
FN:18,(anonymous_1)
FN:26,(anonymous_2)
FN:33,(anonymous_3)
FN:40,(anonymous_4)
FN:45,(anonymous_5)
FN:49,(anonymous_6)
FN:57,(anonymous_7)
FN:62,(anonymous_8)
FNF:9
FNH:8
FNDA:4,(anonymous_0)
FNDA:4,(anonymous_1)
FNDA:23,(anonymous_2)
FNDA:4,(anonymous_3)
FNDA:3,(anonymous_4)
FNDA:36,(anonymous_5)
FNDA:48,(anonymous_6)
FNDA:4,(anonymous_7)
FNDA:0,(anonymous_8)
DA:1,7
DA:2,7
DA:3,7
DA:4,7
DA:13,7
DA:14,4
DA:15,4
DA:16,4
DA:18,4
DA:19,4
DA:20,4
DA:22,4
DA:23,4
DA:24,4
DA:26,4
DA:27,23
DA:29,23
DA:33,4
DA:34,4
DA:35,4
DA:37,4
DA:39,4
DA:40,3
DA:41,3
DA:44,4
DA:45,36
DA:46,3
DA:49,48
DA:51,4
DA:54,4
DA:57,4
DA:58,4
DA:63,0
DA:65,0
LF:34
LH:32
BRDA:23,0,0,4
BRDA:23,0,1,3
BRDA:37,1,0,4
BRDA:37,1,1,0
BRDA:39,2,0,3
BRDA:44,3,0,3
BRDA:62,4,0,0
BRF:7
BRH:5
end_of_record
TN:
SF:projects/spr-components-v2/src/lib/components/datepicker/datepicker-periods/datepicker-periods.html
FNF:0
FNH:0
DA:1,6
LF:1
LH:1
BRF:0
BRH:0
end_of_record
TN:
SF:projects/spr-components-v2/src/lib/components/datepicker/datepicker-periods/datepicker-periods.ts
FN:11,(anonymous_0)
FN:17,(anonymous_1)
FNF:2
FNH:1
FNDA:3,(anonymous_0)
FNDA:0,(anonymous_1)
DA:1,6
DA:11,6
DA:12,3
DA:13,3
DA:15,3
DA:18,0
LF:6
LH:5
BRF:0
BRH:0
end_of_record
TN:
SF:projects/spr-components-v2/src/lib/components/datepicker/datepicker-periods/index.ts
FNF:0
FNH:0
DA:1,5
LF:1
LH:1
BRF:0
BRH:0
end_of_record
TN:
SF:projects/spr-components-v2/src/lib/components/datepicker/datepicker-range/date-range.service.ts
FN:22,(anonymous_0)
FN:41,(anonymous_1)
FN:45,(anonymous_2)
FNF:3
FNH:3
FNDA:4,(anonymous_0)
FNDA:5,(anonymous_1)
FNDA:4,(anonymous_2)
DA:1,6
DA:2,6
DA:3,6
DA:13,6
DA:15,6
DA:21,6
DA:23,4
DA:24,1
DA:27,3
DA:29,3
DA:42,5
DA:46,4
LF:12
LH:12
BRDA:23,0,0,1
BRDA:23,1,0,4
BRDA:23,1,1,3
BRF:3
BRH:3
end_of_record
TN:
SF:projects/spr-components-v2/src/lib/components/datepicker/datepicker-range/datepicker-range.html
FNF:0
FNH:0
DA:1,5
LF:1
LH:1
BRF:0
BRH:0
end_of_record
TN:
SF:projects/spr-components-v2/src/lib/components/datepicker/datepicker-range/datepicker-range.ts
FN:184,(anonymous_0)
FN:110,(anonymous_1)
FN:122,(anonymous_2)
FN:133,(anonymous_3)
FN:152,(anonymous_4)
FN:154,(anonymous_5)
FN:174,(anonymous_6)
FN:187,(anonymous_7)
FN:197,(anonymous_8)
FN:201,(anonymous_9)
FN:225,(anonymous_10)
FN:249,(anonymous_11)
FN:264,(anonymous_12)
FN:278,(anonymous_13)
FN:282,(anonymous_14)
FN:302,(anonymous_15)
FN:340,(anonymous_16)
FN:366,(anonymous_17)
FN:390,(anonymous_18)
FN:409,(anonymous_19)
FN:434,(anonymous_20)
FN:435,(anonymous_21)
FNF:22
FNH:17
FNDA:17,(anonymous_0)
FNDA:0,(anonymous_1)
FNDA:6,(anonymous_2)
FNDA:7,(anonymous_3)
FNDA:7,(anonymous_4)
FNDA:7,(anonymous_5)
FNDA:84,(anonymous_6)
FNDA:4,(anonymous_7)
FNDA:4,(anonymous_8)
FNDA:2,(anonymous_9)
FNDA:2,(anonymous_10)
FNDA:8,(anonymous_11)
FNDA:3,(anonymous_12)
FNDA:0,(anonymous_13)
FNDA:3,(anonymous_14)
FNDA:0,(anonymous_15)
FNDA:2,(anonymous_16)
FNDA:0,(anonymous_17)
FNDA:0,(anonymous_18)
FNDA:2,(anonymous_19)
FNDA:4,(anonymous_20)
FNDA:1,(anonymous_21)
DA:1,5
DA:2,5
DA:17,5
DA:18,5
DA:19,5
DA:28,5
DA:29,5
DA:30,5
DA:31,5
DA:43,5
DA:44,5
DA:45,5
DA:46,5
DA:47,5
DA:48,5
DA:49,5
DA:50,5
DA:51,5
DA:52,5
DA:54,5
DA:86,5
DA:90,17
DA:91,17
DA:93,17
DA:94,17
DA:97,17
DA:100,17
DA:105,17
DA:110,17
DA:111,0
DA:113,0
DA:114,0
DA:117,0
DA:120,17
DA:122,17
DA:123,6
DA:124,6
DA:125,6
DA:126,6
DA:128,6
DA:130,6
DA:133,17
DA:134,7
DA:135,7
DA:137,7
DA:138,6
DA:141,1
DA:142,1
DA:144,1
DA:147,0
DA:149,0
DA:152,17
DA:154,17
DA:155,7
DA:157,7
DA:160,17
DA:162,17
DA:163,17
DA:165,17
DA:166,17
DA:168,17
DA:169,17
DA:170,17
DA:171,17
DA:172,17
DA:173,17
DA:174,84
DA:175,17
DA:176,17
DA:177,17
DA:179,17
DA:180,17
DA:181,17
DA:182,17
DA:185,17
DA:187,17
DA:188,4
DA:189,4
DA:191,4
DA:192,1
DA:198,4
DA:202,2
DA:204,2
DA:206,2
DA:207,1
DA:209,1
DA:212,1
DA:213,0
DA:216,1
DA:217,1
DA:220,1
DA:221,1
DA:226,2
DA:228,2
DA:230,2
DA:232,2
DA:237,2
DA:242,2
DA:244,2
DA:245,2
DA:250,8
DA:252,8
DA:254,8
DA:256,8
DA:258,8
DA:259,6
DA:260,6
DA:265,3
DA:267,3
DA:272,3
DA:273,3
DA:275,3
DA:279,0
DA:283,3
DA:284,2
DA:286,2
DA:288,2
DA:290,2
DA:292,1
DA:303,0
DA:305,0
DA:306,0
DA:309,0
DA:311,0
DA:312,0
DA:314,0
DA:315,0
DA:317,0
DA:318,0
DA:321,0
DA:322,0
DA:324,0
DA:335,0
DA:336,0
DA:341,2
DA:343,2
DA:345,2
DA:347,2
DA:349,2
DA:350,0
DA:358,0
DA:360,0
DA:363,2
DA:367,0
DA:368,0
DA:370,0
DA:373,0
DA:375,0
DA:376,0
DA:378,0
DA:381,0
DA:382,0
DA:384,0
DA:387,0
DA:391,0
DA:392,0
DA:394,0
DA:395,0
DA:397,0
DA:400,0
DA:401,0
DA:403,0
DA:406,0
DA:410,2
DA:411,2
DA:413,2
DA:414,2
DA:416,2
DA:417,1
DA:418,1
DA:419,1
DA:420,1
DA:421,1
DA:423,0
DA:424,0
DA:428,2
DA:435,4
DA:436,1
DA:437,1
DA:439,1
DA:440,1
DA:442,1
DA:443,1
LF:183
LH:135
BRDA:93,0,0,17
BRDA:93,0,1,17
BRDA:95,1,0,17
BRDA:95,1,1,1
BRDA:98,2,0,17
BRDA:98,2,1,17
BRDA:113,3,0,0
BRDA:128,4,0,0
BRDA:128,4,1,6
BRDA:128,5,0,6
BRDA:128,5,1,0
BRDA:137,6,0,6
BRDA:141,7,0,1
BRDA:144,8,0,1
BRDA:144,8,1,0
BRDA:149,9,0,0
BRDA:149,9,1,0
BRDA:157,10,0,7
BRDA:157,10,1,0
BRDA:191,11,0,1
BRDA:191,12,0,4
BRDA:191,12,1,3
BRDA:191,12,2,1
BRDA:201,13,0,1
BRDA:206,14,0,1
BRDA:206,15,0,2
BRDA:206,15,1,2
BRDA:212,16,0,0
BRDA:216,17,0,1
BRDA:220,18,0,1
BRDA:244,19,0,2
BRDA:249,20,0,3
BRDA:258,21,0,6
BRDA:283,22,0,2
BRDA:283,22,1,1
BRDA:305,23,0,0
BRDA:315,24,0,0
BRDA:315,24,1,0
BRDA:317,25,0,0
BRDA:317,26,0,0
BRDA:317,26,1,0
BRDA:321,27,0,0
BRDA:321,27,1,0
BRDA:321,28,0,0
BRDA:321,28,1,0
BRDA:322,29,0,0
BRDA:322,29,1,0
BRDA:322,30,0,0
BRDA:322,30,1,0
BRDA:326,31,0,0
BRDA:326,31,1,0
BRDA:327,32,0,0
BRDA:327,32,1,0
BRDA:330,33,0,0
BRDA:330,33,1,0
BRDA:331,34,0,0
BRDA:331,34,1,0
BRDA:335,35,0,0
BRDA:347,36,0,2
BRDA:347,36,1,0
BRDA:349,37,0,0
BRDA:367,38,0,0
BRDA:373,39,0,0
BRDA:373,39,1,0
BRDA:375,40,0,0
BRDA:381,41,0,0
BRDA:381,42,0,0
BRDA:381,42,1,0
BRDA:394,43,0,0
BRDA:400,44,0,0
BRDA:410,45,0,2
BRDA:410,45,1,1
BRDA:411,46,0,2
BRDA:411,46,1,1
BRDA:414,47,0,1
BRDA:414,47,1,1
BRDA:416,48,0,1
BRDA:416,48,1,1
BRDA:416,49,0,2
BRDA:416,49,1,1
BRDA:419,50,0,1
BRDA:419,51,0,1
BRDA:419,51,1,1
BRDA:420,52,0,1
BRDA:420,52,1,0
BRDA:420,53,0,1
BRDA:420,53,1,1
BRDA:439,54,0,1
BRDA:439,55,0,1
BRDA:439,55,1,1
BRDA:439,55,2,0
BRF:91
BRH:47
end_of_record
TN:
SF:projects/spr-components-v2/src/lib/components/datepicker/datepicker-range/datepicker-range.util.ts
FN:7,(anonymous_0)
FN:11,(anonymous_1)
FNF:2
FNH:0
FNDA:0,(anonymous_0)
FNDA:0,(anonymous_1)
DA:2,5
DA:3,5
DA:6,5
DA:8,0
DA:12,0
LF:5
LH:3
BRF:0
BRH:0
end_of_record
TN:
SF:projects/spr-components-v2/src/lib/components/datepicker/datepicker-range/index.ts
FNF:0
FNH:0
DA:1,4
LF:1
LH:1
BRF:0
BRH:0
end_of_record
TN:
SF:projects/spr-components-v2/src/lib/components/datepicker/datepicker-time/datepicker-time.html
FNF:0
FNH:0
DA:1,7
LF:1
LH:1
BRF:0
BRH:0
end_of_record
TN:
SF:projects/spr-components-v2/src/lib/components/datepicker/datepicker-time/datepicker-time.ts
FN:35,(anonymous_0)
FN:23,(anonymous_1)
FN:30,(anonymous_2)
FN:38,(anonymous_3)
FN:51,(anonymous_4)
FNF:5
FNH:4
FNDA:5,(anonymous_0)
FNDA:7,(anonymous_1)
FNDA:6,(anonymous_2)
FNDA:9,(anonymous_3)
FNDA:0,(anonymous_4)
DA:1,7
DA:2,7
DA:3,7
DA:5,7
DA:6,7
DA:16,7
DA:17,5
DA:18,5
DA:19,5
DA:21,5
DA:23,5
DA:24,7
DA:26,7
DA:27,5
DA:30,6
DA:32,2
DA:36,5
DA:38,5
DA:39,9
DA:40,9
DA:42,9
DA:43,2
DA:46,7
DA:47,7
DA:52,0
DA:54,0
DA:55,0
DA:57,0
DA:59,0
LF:29
LH:24
BRDA:26,0,0,5
BRDA:32,1,0,2
BRDA:32,1,1,0
BRDA:32,2,0,2
BRDA:32,2,1,0
BRDA:32,3,0,2
BRDA:32,3,1,0
BRDA:42,4,0,2
BRDA:42,5,0,9
BRDA:42,5,1,2
BRDA:42,5,2,2
BRDA:54,6,0,0
BRDA:54,6,1,0
BRF:13
BRH:8
end_of_record
TN:
SF:projects/spr-components-v2/src/lib/components/datepicker/datepicker-time/index.ts
FNF:0
FNH:0
DA:1,6
LF:1
LH:1
BRF:0
BRH:0
end_of_record
TN:
SF:projects/spr-components-v2/src/lib/components/datepicker/pipes/format-date.pipe.ts
FN:9,(anonymous_0)
FN:15,(anonymous_1)
FNF:2
FNH:2
FNDA:15,(anonymous_0)
FNDA:2,(anonymous_1)
DA:1,6
DA:3,6
DA:9,6
DA:10,15
DA:12,15
DA:16,2
DA:17,2
DA:20,0
DA:22,0
DA:23,0
DA:26,0
DA:28,0
DA:30,0
LF:13
LH:7
BRDA:10,0,0,15
BRDA:10,0,1,15
BRDA:15,1,0,0
BRDA:16,2,0,2
BRDA:16,3,0,2
BRDA:16,3,1,2
BRDA:22,4,0,0
BRDA:22,5,0,0
BRDA:22,5,1,0
BRDA:22,5,2,0
BRDA:28,6,0,0
BRDA:28,6,1,0
BRF:12
BRH:5
end_of_record
TN:
SF:projects/spr-components-v2/src/lib/components/datepicker/pipes/format-range.pipe.ts
FN:9,(anonymous_0)
FN:15,(anonymous_1)
FNF:2
FNH:2
FNDA:24,(anonymous_0)
FNDA:7,(anonymous_1)
DA:1,6
DA:3,6
DA:9,6
DA:10,24
DA:12,24
DA:16,7
DA:17,6
DA:20,1
DA:21,1
DA:22,1
DA:24,1
DA:31,0
DA:34,1
DA:36,1
DA:37,1
DA:40,1
DA:41,0
DA:44,1
LF:18
LH:16
BRDA:10,0,0,24
BRDA:10,0,1,24
BRDA:15,1,0,0
BRDA:16,2,0,6
BRDA:16,3,0,7
BRDA:16,3,1,4
BRDA:16,3,2,3
BRDA:21,4,0,1
BRDA:21,4,1,0
BRDA:22,5,0,1
BRDA:22,5,1,0
BRDA:24,6,0,0
BRDA:25,7,0,1
BRDA:25,7,1,0
BRDA:25,7,2,0
BRDA:25,7,3,0
BRDA:25,7,4,0
BRDA:36,8,0,1
BRDA:36,9,0,1
BRDA:36,9,1,1
BRDA:37,10,0,0
BRDA:37,10,1,1
BRDA:37,11,0,0
BRDA:37,11,1,1
BRDA:40,12,0,0
BRDA:40,13,0,1
BRDA:40,13,1,1
BRDA:41,14,0,0
BRDA:41,14,1,0
BRF:29
BRH:16
end_of_record
TN:
SF:projects/spr-components-v2/src/lib/components/datepicker/pipes/index.ts
FNF:0
FNH:0
DA:1,6
DA:2,6
LF:2
LH:2
BRF:0
BRH:0
end_of_record
TN:
SF:projects/spr-components-v2/src/lib/components/dropdown/dropdown.component.html
FNF:0
FNH:0
DA:1,8
LF:1
LH:1
BRF:0
BRH:0
end_of_record
TN:
SF:projects/spr-components-v2/src/lib/components/dropdown/dropdown.component.ts
FN:37,(anonymous_0)
FN:54,(anonymous_1)
FN:58,(anonymous_2)
FN:62,(anonymous_3)
FN:67,(anonymous_4)
FN:72,(anonymous_5)
FN:76,(anonymous_6)
FN:77,(anonymous_7)
FN:82,(anonymous_8)
FN:83,(anonymous_9)
FNF:10
FNH:9
FNDA:29,(anonymous_0)
FNDA:3,(anonymous_1)
FNDA:3,(anonymous_2)
FNDA:45,(anonymous_3)
FNDA:29,(anonymous_4)
FNDA:29,(anonymous_5)
FNDA:29,(anonymous_6)
FNDA:0,(anonymous_7)
FNDA:75,(anonymous_8)
FNDA:264,(anonymous_9)
DA:1,8
DA:2,8
DA:3,8
DA:4,8
DA:5,8
DA:7,8
DA:8,8
DA:9,8
DA:18,8
DA:19,8
DA:37,8
DA:41,29
DA:43,29
DA:44,29
DA:45,29
DA:46,29
DA:52,29
DA:55,3
DA:59,3
DA:63,45
DA:64,45
DA:68,29
DA:69,29
DA:73,29
DA:77,29
DA:78,0
DA:83,264
DA:84,75
DA:85,50
DA:88,25
DA:95,25
LF:31
LH:30
BRDA:52,0,0,29
BRDA:52,0,1,29
BRDA:55,1,0,3
BRDA:55,1,1,2
BRDA:59,2,0,3
BRDA:59,2,1,2
BRDA:84,3,0,50
BRDA:84,3,1,25
BRDA:88,4,0,8
BRDA:88,4,1,17
BRDA:88,5,0,25
BRDA:88,5,1,11
BRF:12
BRH:12
end_of_record
TN:
SF:projects/spr-components-v2/src/lib/components/dropdown/dropdown.util.ts
FN:3,(anonymous_0)
FN:12,(anonymous_1)
FNF:2
FNH:0
FNDA:0,(anonymous_0)
FNDA:0,(anonymous_1)
DA:3,7
DA:12,0
LF:2
LH:1
BRF:0
BRH:0
end_of_record
TN:
SF:projects/spr-components-v2/src/lib/components/dropdown/index.ts
FN:1,(anonymous_0)
FNF:1
FNH:0
FNDA:0,(anonymous_0)
DA:1,7
DA:3,7
LF:2
LH:2
BRF:0
BRH:0
end_of_record
TN:
SF:projects/spr-components-v2/src/lib/components/error/error.component.html
FNF:0
FNH:0
DA:1,31
LF:1
LH:1
BRF:0
BRH:0
end_of_record
TN:
SF:projects/spr-components-v2/src/lib/components/error/error.component.ts
FNF:0
FNH:0
DA:1,31
DA:10,31
LF:2
LH:2
BRF:0
BRH:0
end_of_record
TN:
SF:projects/spr-components-v2/src/lib/components/field-description/field-description.component.html
FNF:0
FNH:0
DA:1,31
LF:1
LH:1
BRF:0
BRH:0
end_of_record
TN:
SF:projects/spr-components-v2/src/lib/components/field-description/field-description.component.ts
FNF:0
FNH:0
DA:1,31
DA:10,31
LF:2
LH:2
BRF:0
BRH:0
end_of_record
TN:
SF:projects/spr-components-v2/src/lib/components/filter/filter.html
FNF:0
FNH:0
DA:1,3
LF:1
LH:1
BRF:0
BRH:0
end_of_record
TN:
SF:projects/spr-components-v2/src/lib/components/filter/filter.ts
FN:98,(anonymous_0)
FN:22,(anonymous_1)
FN:45,(anonymous_2)
FN:49,(anonymous_3)
FN:99,(anonymous_4)
FN:110,(anonymous_5)
FN:114,(anonymous_6)
FN:118,(anonymous_7)
FNF:8
FNH:5
FNDA:9,(anonymous_0)
FNDA:13,(anonymous_1)
FNDA:0,(anonymous_2)
FNDA:0,(anonymous_3)
FNDA:10,(anonymous_4)
FNDA:1,(anonymous_5)
FNDA:1,(anonymous_6)
FNDA:0,(anonymous_7)
DA:1,3
DA:2,3
DA:3,3
DA:4,3
DA:5,3
DA:6,3
DA:15,3
DA:16,9
DA:18,9
DA:19,9
DA:20,9
DA:22,9
DA:23,13
DA:25,13
DA:26,0
DA:29,13
DA:31,13
DA:32,1
DA:35,12
DA:36,9
DA:37,9
DA:39,9
DA:42,3
DA:45,9
DA:47,9
DA:49,9
DA:54,9
DA:59,9
DA:65,9
DA:71,9
DA:77,9
DA:83,9
DA:89,9
DA:96,9
DA:99,9
DA:100,10
DA:102,10
DA:103,0
DA:106,10
DA:111,1
DA:115,1
DA:119,0
DA:121,0
DA:122,0
DA:125,0
LF:45
LH:39
BRDA:25,0,0,0
BRDA:31,1,0,1
BRDA:35,2,0,9
BRDA:39,3,0,7
BRDA:39,3,1,2
BRDA:96,4,0,9
BRDA:96,4,1,9
BRDA:102,5,0,0
BRDA:121,6,0,0
BRF:9
BRH:6
end_of_record
TN:
SF:projects/spr-components-v2/src/lib/components/filter/filter.util.ts
FNF:0
FNH:0
DA:2,3
DA:4,3
DA:15,3
DA:20,3
LF:4
LH:4
BRF:0
BRH:0
end_of_record
TN:
SF:projects/spr-components-v2/src/lib/components/filter/conditions/conditions.html
FNF:0
FNH:0
DA:1,1
LF:1
LH:1
BRF:0
BRH:0
end_of_record
TN:
SF:projects/spr-components-v2/src/lib/components/filter/conditions/conditions.ts
FN:43,(anonymous_0)
FN:57,(anonymous_1)
FN:59,(anonymous_2)
FN:88,(anonymous_3)
FN:92,(anonymous_4)
FN:108,(anonymous_5)
FN:115,(anonymous_6)
FN:119,(anonymous_7)
FN:120,(anonymous_8)
FN:130,(anonymous_9)
FN:132,(anonymous_10)
FN:135,(anonymous_11)
FN:148,(anonymous_12)
FNF:13
FNH:13
FNDA:9,(anonymous_0)
FNDA:9,(anonymous_1)
FNDA:1,(anonymous_2)
FNDA:9,(anonymous_3)
FNDA:1,(anonymous_4)
FNDA:11,(anonymous_5)
FNDA:2,(anonymous_6)
FNDA:9,(anonymous_7)
FNDA:9,(anonymous_8)
FNDA:5,(anonymous_9)
FNDA:3,(anonymous_10)
FNDA:2,(anonymous_11)
FNDA:2,(anonymous_12)
DA:1,1
DA:2,1
DA:3,1
DA:4,1
DA:5,1
DA:6,1
DA:7,1
DA:8,1
DA:22,1
DA:23,1
DA:24,1
DA:25,1
DA:43,1
DA:44,9
DA:45,9
DA:46,9
DA:49,9
DA:50,9
DA:52,9
DA:57,9
DA:59,9
DA:60,1
DA:62,1
DA:63,0
DA:66,1
DA:73,9
DA:79,9
DA:86,9
DA:89,9
DA:93,1
DA:95,1
DA:103,1
DA:105,1
DA:109,11
DA:111,11
DA:112,11
DA:116,2
DA:120,9
DA:121,9
DA:123,9
DA:126,9
DA:130,5
DA:132,3
DA:136,2
DA:137,2
DA:139,2
DA:140,0
DA:142,0
DA:145,2
DA:149,2
DA:151,2
DA:152,0
DA:154,0
DA:157,2
DA:158,0
DA:159,0
DA:162,0
DA:165,2
DA:166,0
DA:169,2
LF:60
LH:51
BRDA:47,0,0,9
BRDA:47,0,1,9
BRDA:62,1,0,0
BRDA:86,2,0,9
BRDA:86,2,1,9
BRDA:123,3,0,9
BRDA:123,3,1,7
BRDA:139,4,0,0
BRDA:139,5,0,2
BRDA:139,5,1,0
BRDA:140,6,0,0
BRDA:140,6,1,0
BRDA:151,7,0,0
BRDA:151,8,0,2
BRDA:151,8,1,2
BRDA:157,9,0,0
BRDA:157,10,0,2
BRDA:157,10,1,0
BRDA:158,11,0,0
BRDA:158,12,0,0
BRDA:158,12,1,0
BRDA:165,13,0,0
BRF:22
BRH:10
end_of_record
TN:
SF:projects/spr-components-v2/src/lib/components/filter/conditions/conditions.util.ts
FN:5,(anonymous_0)
FN:60,(anonymous_1)
FN:64,(anonymous_2)
FN:68,(anonymous_3)
FN:74,(anonymous_4)
FN:80,(anonymous_5)
FN:84,(anonymous_6)
FNF:7
FNH:3
FNDA:4,(anonymous_0)
FNDA:0,(anonymous_1)
FNDA:0,(anonymous_2)
FNDA:9,(anonymous_3)
FNDA:0,(anonymous_4)
FNDA:0,(anonymous_5)
FNDA:9,(anonymous_6)
DA:1,4
DA:5,4
DA:6,4
DA:7,4
DA:8,4
DA:11,4
DA:18,4
DA:24,4
DA:34,4
DA:56,4
DA:60,4
DA:61,0
DA:64,4
DA:65,0
DA:68,9
DA:74,4
DA:80,4
DA:84,4
DA:85,9
DA:87,9
DA:89,0
DA:91,0
DA:95,4
DA:108,4
DA:120,4
LF:25
LH:21
BRDA:5,0,0,4
BRDA:5,0,1,4
BRDA:61,1,0,0
BRDA:61,1,1,0
BRDA:61,1,2,0
BRDA:65,2,0,0
BRDA:65,2,1,0
BRDA:65,2,2,0
BRDA:65,2,3,0
BRDA:85,3,0,9
BRDA:85,3,1,0
BRDA:85,3,2,0
BRF:12
BRH:3
end_of_record
TN:
SF:projects/spr-components-v2/src/lib/components/filter/conditions/condition-between/condition-between.html
FNF:0
FNH:0
DA:1,3
LF:1
LH:1
BRF:0
BRH:0
end_of_record
TN:
SF:projects/spr-components-v2/src/lib/components/filter/conditions/condition-between/condition-between.ts
FN:16,(anonymous_0)
FN:29,(anonymous_1)
FN:35,(anonymous_2)
FN:39,(anonymous_3)
FN:40,(anonymous_4)
FNF:5
FNH:5
FNDA:4,(anonymous_0)
FNDA:3,(anonymous_1)
FNDA:4,(anonymous_2)
FNDA:4,(anonymous_3)
FNDA:1,(anonymous_4)
DA:1,3
DA:2,3
DA:3,3
DA:4,3
DA:5,3
DA:7,3
DA:16,3
DA:17,4
DA:18,4
DA:20,4
DA:22,4
DA:27,4
DA:30,3
DA:32,3
DA:36,4
DA:40,4
DA:41,1
DA:43,1
DA:45,1
LF:19
LH:19
BRF:0
BRH:0
end_of_record
TN:
SF:projects/spr-components-v2/src/lib/components/filter/conditions/condition-blank/condition-blank.html
FNF:0
FNH:0
DA:1,2
LF:1
LH:1
BRF:0
BRH:0
end_of_record
TN:
SF:projects/spr-components-v2/src/lib/components/filter/conditions/condition-blank/condition-blank.ts
FN:36,(anonymous_0)
FN:51,(anonymous_1)
FN:57,(anonymous_2)
FN:61,(anonymous_3)
FN:67,(anonymous_4)
FN:72,(anonymous_5)
FN:81,(anonymous_6)
FNF:7
FNH:7
FNDA:6,(anonymous_0)
FNDA:6,(anonymous_1)
FNDA:6,(anonymous_2)
FNDA:2,(anonymous_3)
FNDA:6,(anonymous_4)
FNDA:4,(anonymous_5)
FNDA:4,(anonymous_6)
DA:1,2
DA:2,2
DA:3,2
DA:4,2
DA:5,2
DA:13,2
DA:14,2
DA:15,2
DA:16,2
DA:17,2
DA:18,2
DA:19,2
DA:36,2
DA:37,6
DA:38,6
DA:40,6
DA:41,6
DA:42,6
DA:43,6
DA:45,6
DA:51,6
DA:53,6
DA:55,6
DA:58,6
DA:62,2
DA:64,2
DA:68,6
DA:73,4
DA:74,2
DA:77,4
DA:82,4
DA:84,4
DA:85,4
LF:33
LH:33
BRDA:73,0,0,2
BRF:1
BRH:1
end_of_record
TN:
SF:projects/spr-components-v2/src/lib/components/filter/conditions/condition-blank/condition-blank.util.ts
FN:6,(anonymous_0)
FN:11,(anonymous_1)
FN:16,(anonymous_2)
FN:20,(anonymous_3)
FNF:4
FNH:2
FNDA:6,(anonymous_0)
FNDA:0,(anonymous_1)
FNDA:0,(anonymous_2)
FNDA:6,(anonymous_3)
DA:1,2
DA:6,6
DA:11,2
DA:16,2
DA:20,2
DA:21,6
DA:23,6
DA:25,0
DA:27,0
LF:9
LH:7
BRDA:21,0,0,6
BRDA:21,0,1,0
BRDA:21,0,2,0
BRF:3
BRH:1
end_of_record
TN:
SF:projects/spr-components-v2/src/lib/components/filter/conditions/condition-equals/condition-equals.html
FNF:0
FNH:0
DA:1,3
LF:1
LH:1
BRF:0
BRH:0
end_of_record
TN:
SF:projects/spr-components-v2/src/lib/components/filter/conditions/condition-equals/condition-equals.ts
FN:22,(anonymous_0)
FNF:1
FNH:1
FNDA:18,(anonymous_0)
DA:1,3
DA:2,3
DA:3,3
DA:4,3
DA:5,3
DA:6,3
DA:7,3
DA:22,3
DA:23,18
DA:24,18
DA:26,18
DA:27,18
LF:12
LH:12
BRF:0
BRH:0
end_of_record
TN:
SF:projects/spr-components-v2/src/lib/components/filter/filter-inner-header/filter-inner-header.html
FNF:0
FNH:0
DA:1,1
LF:1
LH:1
BRF:0
BRH:0
end_of_record
TN:
SF:projects/spr-components-v2/src/lib/components/filter/filter-inner-header/filter-inner-header.ts
FN:15,(anonymous_0)
FN:18,(anonymous_1)
FN:34,(anonymous_2)
FN:53,(anonymous_3)
FN:13,(anonymous_4)
FNF:5
FNH:3
FNDA:1,(anonymous_0)
FNDA:1,(anonymous_1)
FNDA:1,(anonymous_2)
FNDA:0,(anonymous_3)
FNDA:0,(anonymous_4)
DA:1,1
DA:2,1
DA:3,1
DA:4,1
DA:5,1
DA:13,0
DA:15,1
DA:16,1
DA:18,1
DA:19,1
DA:21,1
DA:22,1
DA:25,0
DA:27,0
DA:28,0
DA:31,0
DA:34,1
DA:35,1
DA:37,1
DA:38,0
DA:41,1
DA:43,1
DA:44,0
DA:47,1
DA:50,1
DA:51,1
DA:54,0
DA:55,0
DA:58,0
DA:60,0
LF:30
LH:19
BRDA:21,0,0,1
BRDA:27,1,0,0
BRDA:37,2,0,0
BRDA:43,3,0,0
BRDA:54,4,0,0
BRF:5
BRH:1
end_of_record
TN:
SF:projects/spr-components-v2/src/lib/components/filter/selection-filter/selection-filter.html
FNF:0
FNH:0
DA:1,1
LF:1
LH:1
BRF:0
BRH:0
end_of_record
TN:
SF:projects/spr-components-v2/src/lib/components/filter/selection-filter/selection-filter.ts
FN:23,(anonymous_0)
FN:39,(anonymous_1)
FN:46,(anonymous_2)
FN:82,(anonymous_3)
FN:95,(anonymous_4)
FN:106,(anonymous_5)
FN:110,(anonymous_6)
FNF:7
FNH:4
FNDA:4,(anonymous_0)
FNDA:0,(anonymous_1)
FNDA:0,(anonymous_2)
FNDA:0,(anonymous_3)
FNDA:1,(anonymous_4)
FNDA:2,(anonymous_5)
FNDA:3,(anonymous_6)
DA:1,1
DA:2,1
DA:3,1
DA:5,1
DA:11,1
DA:12,1
DA:13,1
DA:23,1
DA:27,4
DA:29,4
DA:31,4
DA:32,4
DA:34,4
DA:39,4
DA:40,0
DA:42,0
DA:43,0
DA:46,0
DA:53,4
DA:59,4
DA:65,4
DA:71,4
DA:77,4
DA:83,0
DA:85,0
DA:87,0
DA:89,0
DA:96,1
DA:98,1
DA:100,1
DA:107,2
DA:111,3
DA:113,3
DA:114,2
DA:117,1
LF:35
LH:27
BRDA:42,0,0,0
BRDA:53,1,0,4
BRDA:53,1,1,4
BRDA:83,2,0,0
BRDA:83,2,1,0
BRDA:113,3,0,2
BRF:6
BRH:3
end_of_record
TN:
SF:projects/spr-components-v2/src/lib/components/form-field/form-field.html
FNF:0
FNH:0
DA:1,10
LF:1
LH:1
BRF:0
BRH:0
end_of_record
TN:
SF:projects/spr-components-v2/src/lib/components/form-field/form-field.ts
FN:17,(anonymous_0)
FNF:1
FNH:1
FNDA:47,(anonymous_0)
DA:1,10
DA:2,10
DA:3,10
DA:4,10
DA:5,10
DA:6,10
DA:7,10
DA:8,10
DA:17,10
DA:18,47
DA:19,47
DA:20,47
DA:21,47
DA:22,47
DA:23,47
DA:24,47
DA:25,47
LF:17
LH:17
BRF:0
BRH:0
end_of_record
TN:
SF:projects/spr-components-v2/src/lib/components/form-field/index.ts
FNF:0
FNH:0
DA:1,9
LF:1
LH:1
BRF:0
BRH:0
end_of_record
TN:
SF:projects/spr-components-v2/src/lib/components/inline-tip/inline-tip.html
FNF:0
FNH:0
DA:1,1
LF:1
LH:1
BRF:0
BRH:0
end_of_record
TN:
SF:projects/spr-components-v2/src/lib/components/inline-tip/inline-tip.ts
FN:12,(anonymous_0)
FN:16,(anonymous_1)
FNF:2
FNH:2
FNDA:10,(anonymous_0)
FNDA:9,(anonymous_1)
DA:1,1
DA:12,1
DA:13,10
DA:14,10
DA:16,10
LF:5
LH:5
BRF:0
BRH:0
end_of_record
TN:
SF:projects/spr-components-v2/src/lib/components/inner-header/inner-header.component.html
FNF:0
FNH:0
DA:1,2
LF:1
LH:1
BRF:0
BRH:0
end_of_record
TN:
SF:projects/spr-components-v2/src/lib/components/inner-header/inner-header.component.ts
FN:12,(anonymous_0)
FNF:1
FNH:1
FNDA:6,(anonymous_0)
DA:1,2
DA:2,2
DA:12,2
DA:13,6
DA:14,6
DA:15,6
DA:16,6
LF:7
LH:7
BRF:0
BRH:0
end_of_record
TN:
SF:projects/spr-components-v2/src/lib/components/input/index.ts
FNF:0
FNH:0
DA:1,17
LF:1
LH:1
BRF:0
BRH:0
end_of_record
TN:
SF:projects/spr-components-v2/src/lib/components/input/input.component.html
FNF:0
FNH:0
DA:1,19
LF:1
LH:1
BRF:0
BRH:0
end_of_record
TN:
SF:projects/spr-components-v2/src/lib/components/input/input.component.ts
FN:80,(anonymous_0)
FN:74,(anonymous_1)
FN:84,(anonymous_2)
FN:92,(anonymous_3)
FN:98,(anonymous_4)
FN:104,(anonymous_5)
FN:113,(anonymous_6)
FN:117,(anonymous_7)
FN:121,(anonymous_8)
FN:128,(anonymous_9)
FN:132,(anonymous_10)
FN:136,(anonymous_11)
FN:142,(anonymous_12)
FN:145,(anonymous_13)
FN:154,(anonymous_14)
FN:157,(anonymous_15)
FN:164,(anonymous_16)
FN:168,(anonymous_17)
FN:209,(anonymous_18)
FN:227,(anonymous_19)
FN:233,(anonymous_20)
FN:237,(anonymous_21)
FN:239,(anonymous_22)
FN:241,(anonymous_23)
FN:245,(anonymous_24)
FN:256,(anonymous_25)
FNF:26
FNH:18
FNDA:65,(anonymous_0)
FNDA:5,(anonymous_1)
FNDA:105,(anonymous_2)
FNDA:47,(anonymous_3)
FNDA:49,(anonymous_4)
FNDA:1,(anonymous_5)
FNDA:1,(anonymous_6)
FNDA:78,(anonymous_7)
FNDA:0,(anonymous_8)
FNDA:3,(anonymous_9)
FNDA:3,(anonymous_10)
FNDA:3,(anonymous_11)
FNDA:47,(anonymous_12)
FNDA:10,(anonymous_13)
FNDA:10,(anonymous_14)
FNDA:10,(anonymous_15)
FNDA:65,(anonymous_16)
FNDA:6,(anonymous_17)
FNDA:13,(anonymous_18)
FNDA:0,(anonymous_19)
FNDA:0,(anonymous_20)
FNDA:0,(anonymous_21)
FNDA:0,(anonymous_22)
FNDA:0,(anonymous_23)
FNDA:0,(anonymous_24)
FNDA:0,(anonymous_25)
DA:1,19
DA:2,19
DA:3,19
DA:16,19
DA:17,19
DA:18,19
DA:19,19
DA:20,19
DA:21,19
DA:22,19
DA:23,19
DA:25,19
DA:26,19
DA:28,19
DA:49,19
DA:50,65
DA:51,65
DA:52,65
DA:53,65
DA:54,65
DA:55,65
DA:56,65
DA:57,65
DA:59,65
DA:60,65
DA:61,65
DA:62,65
DA:63,65
DA:64,65
DA:65,65
DA:66,65
DA:67,65
DA:69,65
DA:70,65
DA:71,65
DA:73,65
DA:74,65
DA:76,65
DA:78,65
DA:80,65
DA:81,65
DA:85,105
DA:86,101
DA:89,4
DA:93,47
DA:94,0
DA:99,49
DA:100,49
DA:105,1
DA:106,0
DA:107,0
DA:110,1
DA:114,1
DA:118,78
DA:122,0
DA:123,0
DA:124,0
DA:125,0
DA:129,3
DA:133,3
DA:137,3
DA:139,3
DA:143,47
DA:146,10
DA:147,4
DA:150,6
DA:151,6
DA:152,6
DA:154,10
DA:158,10
DA:159,10
DA:165,65
DA:169,6
DA:170,6
DA:171,1
DA:172,1
DA:175,6
DA:176,1
DA:179,6
DA:180,0
DA:183,6
DA:184,1
DA:186,5
DA:187,0
DA:190,5
DA:192,5
DA:193,0
DA:194,0
DA:197,5
DA:198,3
DA:200,3
DA:201,2
DA:206,6
DA:210,13
DA:212,13
DA:213,3
DA:216,10
DA:217,1
DA:220,9
DA:221,7
DA:224,2
DA:228,0
DA:229,0
DA:231,0
DA:234,0
DA:235,0
DA:238,0
DA:239,0
DA:241,0
DA:246,0
DA:247,0
DA:256,0
LF:112
LH:90
BRDA:85,0,0,101
BRDA:89,1,0,1
BRDA:89,1,1,3
BRDA:93,2,0,0
BRDA:99,3,0,49
BRDA:105,4,0,0
BRDA:118,5,0,68
BRDA:118,5,1,10
BRDA:129,6,0,3
BRDA:129,6,1,3
BRDA:133,7,0,3
BRDA:133,7,1,0
BRDA:146,8,0,4
BRDA:146,9,0,10
BRDA:146,9,1,7
BRDA:146,9,2,7
BRDA:158,10,0,10
BRDA:170,11,0,1
BRDA:170,12,0,6
BRDA:170,12,1,1
BRDA:175,13,0,1
BRDA:179,14,0,0
BRDA:183,15,0,1
BRDA:183,15,1,5
BRDA:186,16,0,0
BRDA:186,17,0,5
BRDA:186,17,1,2
BRDA:192,18,0,0
BRDA:192,19,0,5
BRDA:192,19,1,3
BRDA:197,20,0,3
BRDA:200,21,0,2
BRDA:200,22,0,3
BRDA:200,22,1,3
BRDA:206,23,0,1
BRDA:206,23,1,5
BRDA:210,24,0,7
BRDA:210,24,1,6
BRDA:210,25,0,13
BRDA:210,25,1,8
BRDA:210,26,0,0
BRDA:210,26,1,7
BRDA:212,27,0,3
BRDA:216,28,0,1
BRDA:216,29,0,10
BRDA:216,29,1,1
BRDA:220,30,0,7
BRDA:228,31,0,0
BRDA:246,32,0,0
BRF:49
BRH:40
end_of_record
TN:
SF:projects/spr-components-v2/src/lib/components/label/label.component.html
FNF:0
FNH:0
DA:1,38
LF:1
LH:1
BRF:0
BRH:0
end_of_record
TN:
SF:projects/spr-components-v2/src/lib/components/label/label.component.ts
FN:12,(anonymous_0)
FN:27,(anonymous_1)
FNF:2
FNH:1
FNDA:54,(anonymous_0)
FNDA:0,(anonymous_1)
DA:1,38
DA:2,38
DA:3,38
DA:12,38
DA:14,54
DA:15,54
DA:16,54
DA:17,54
DA:18,54
DA:19,54
DA:20,54
DA:21,54
DA:25,54
DA:28,0
DA:29,0
LF:15
LH:13
BRDA:28,0,0,0
BRF:1
BRH:0
end_of_record
TN:
SF:projects/spr-components-v2/src/lib/components/modal/base-modal-content.html
FNF:0
FNH:0
DA:1,2
LF:1
LH:1
BRF:0
BRH:0
end_of_record
TN:
SF:projects/spr-components-v2/src/lib/components/modal/base-modal-content.ts
FN:10,(anonymous_0)
FNF:1
FNH:1
FNDA:13,(anonymous_0)
DA:1,2
DA:10,2
DA:11,13
DA:12,13
LF:4
LH:4
BRF:0
BRH:0
end_of_record
TN:
SF:projects/spr-components-v2/src/lib/components/modal/index.ts
FNF:0
FNH:0
DA:3,1
DA:4,1
LF:2
LH:2
BRF:0
BRH:0
end_of_record
TN:
SF:projects/spr-components-v2/src/lib/components/modal/modal.service.ts
FN:13,(anonymous_0)
FN:20,(anonymous_1)
FN:35,(anonymous_2)
FN:46,(anonymous_3)
FN:50,(anonymous_4)
FN:54,(anonymous_5)
FNF:6
FNH:4
FNDA:6,(anonymous_0)
FNDA:5,(anonymous_1)
FNDA:0,(anonymous_2)
FNDA:2,(anonymous_3)
FNDA:2,(anonymous_4)
FNDA:0,(anonymous_5)
DA:1,2
DA:2,2
DA:10,2
DA:14,6
DA:17,6
DA:21,5
DA:23,5
DA:29,5
DA:30,0
DA:33,5
DA:35,5
DA:36,5
DA:37,5
DA:39,5
DA:40,0
DA:43,5
DA:47,2
DA:51,2
DA:55,0
DA:56,0
DA:57,0
DA:59,0
LF:22
LH:16
BRDA:21,0,0,5
BRDA:21,0,1,5
BRDA:25,1,0,5
BRDA:25,1,1,5
BRDA:26,2,0,5
BRDA:26,2,1,5
BRDA:29,3,0,0
BRDA:29,4,0,5
BRDA:29,4,1,0
BRDA:36,5,0,0
BRDA:36,5,1,5
BRDA:39,6,0,0
BRF:12
BRH:8
end_of_record
TN:
SF:projects/spr-components-v2/src/lib/components/monochrome-badge/index.ts
FNF:0
FNH:0
DA:1,1
LF:1
LH:1
BRF:0
BRH:0
end_of_record
TN:
SF:projects/spr-components-v2/src/lib/components/monochrome-badge/monochrome-badge.html
FNF:0
FNH:0
DA:1,2
LF:1
LH:1
BRF:0
BRH:0
end_of_record
TN:
SF:projects/spr-components-v2/src/lib/components/monochrome-badge/monochrome-badge.ts
FN:17,(anonymous_0)
FNF:1
FNH:1
FNDA:18,(anonymous_0)
DA:1,2
DA:2,2
DA:17,2
DA:21,18
DA:28,18
DA:39,18
DA:42,2
LF:7
LH:7
BRF:0
BRH:0
end_of_record
TN:
SF:projects/spr-components-v2/src/lib/components/multi-select-dropdown/multi-select-dropdown.html
FNF:0
FNH:0
DA:1,1
LF:1
LH:1
BRF:0
BRH:0
end_of_record
TN:
SF:projects/spr-components-v2/src/lib/components/multi-select-dropdown/multi-select-dropdown.ts
FN:51,(anonymous_0)
FN:57,(anonymous_1)
FN:59,(anonymous_2)
FN:75,(anonymous_3)
FN:79,(anonymous_4)
FN:80,(anonymous_5)
FN:83,(anonymous_6)
FN:87,(anonymous_7)
FN:91,(anonymous_8)
FN:97,(anonymous_9)
FN:102,(anonymous_10)
FN:107,(anonymous_11)
FN:108,(anonymous_12)
FN:109,(anonymous_13)
FN:116,(anonymous_14)
FN:122,(anonymous_15)
FN:126,(anonymous_16)
FN:130,(anonymous_17)
FN:138,(anonymous_18)
FNF:19
FNH:12
FNDA:5,(anonymous_0)
FNDA:2,(anonymous_1)
FNDA:0,(anonymous_2)
FNDA:1,(anonymous_3)
FNDA:0,(anonymous_4)
FNDA:0,(anonymous_5)
FNDA:1,(anonymous_6)
FNDA:2,(anonymous_7)
FNDA:0,(anonymous_8)
FNDA:0,(anonymous_9)
FNDA:5,(anonymous_10)
FNDA:5,(anonymous_11)
FNDA:1,(anonymous_12)
FNDA:4,(anonymous_13)
FNDA:1,(anonymous_14)
FNDA:5,(anonymous_15)
FNDA:5,(anonymous_16)
FNDA:0,(anonymous_17)
FNDA:0,(anonymous_18)
DA:1,1
DA:2,1
DA:3,1
DA:4,1
DA:5,1
DA:6,1
DA:7,1
DA:8,1
DA:20,1
DA:21,1
DA:22,1
DA:23,1
DA:24,1
DA:25,1
DA:51,1
DA:52,5
DA:54,5
DA:56,5
DA:57,5
DA:58,2
DA:59,0
DA:63,5
DA:64,5
DA:65,5
DA:66,5
DA:67,5
DA:73,5
DA:76,1
DA:80,0
DA:84,1
DA:88,2
DA:92,0
DA:94,0
DA:98,0
DA:99,0
DA:103,5
DA:104,5
DA:108,5
DA:109,4
DA:111,1
DA:112,0
DA:113,0
DA:116,1
DA:118,1
DA:123,5
DA:127,5
DA:129,5
DA:130,0
DA:132,0
DA:133,5
DA:134,5
DA:135,0
DA:136,0
DA:138,0
DA:139,0
DA:140,0
LF:56
LH:41
BRDA:73,0,0,5
BRDA:73,0,1,5
BRDA:84,1,0,1
BRDA:84,1,1,1
BRDA:88,2,0,2
BRDA:88,2,1,2
BRDA:109,3,0,4
BRDA:109,3,1,3
BRDA:111,4,0,0
BRDA:111,5,0,1
BRDA:111,5,1,0
BRDA:112,6,0,0
BRDA:112,6,1,0
BRDA:116,7,0,1
BRDA:116,7,1,0
BRDA:127,8,0,5
BRDA:127,8,1,5
BRDA:129,9,0,0
BRDA:129,9,1,5
BRDA:129,10,0,5
BRDA:129,10,1,5
BRDA:129,10,2,5
BRDA:130,11,0,0
BRDA:130,11,1,0
BRDA:133,12,0,5
BRDA:133,12,1,0
BRDA:133,13,0,5
BRDA:133,13,1,0
BRDA:135,14,0,0
BRDA:135,14,1,0
BRDA:135,15,0,0
BRDA:135,15,1,0
BRDA:135,15,2,0
BRDA:139,16,0,0
BRF:34
BRH:18
end_of_record
TN:
SF:projects/spr-components-v2/src/lib/components/multi-switcher/multi-switcher.html
FNF:0
FNH:0
DA:1,1
LF:1
LH:1
BRF:0
BRH:0
end_of_record
TN:
SF:projects/spr-components-v2/src/lib/components/multi-switcher/multi-switcher.ts
FN:19,(anonymous_0)
FN:27,(anonymous_1)
FN:28,(anonymous_2)
FN:30,(anonymous_3)
FN:40,(anonymous_4)
FN:44,(anonymous_5)
FN:48,(anonymous_6)
FN:52,(anonymous_7)
FN:13,(anonymous_8)
FNF:9
FNH:5
FNDA:8,(anonymous_0)
FNDA:3,(anonymous_1)
FNDA:3,(anonymous_2)
FNDA:3,(anonymous_3)
FNDA:0,(anonymous_4)
FNDA:0,(anonymous_5)
FNDA:0,(anonymous_6)
FNDA:1,(anonymous_7)
FNDA:0,(anonymous_8)
DA:1,1
DA:2,1
DA:13,0
DA:19,1
DA:20,8
DA:21,8
DA:22,8
DA:24,8
DA:25,8
DA:27,8
DA:28,8
DA:31,3
DA:32,0
DA:35,3
DA:36,3
DA:37,3
DA:41,0
DA:45,0
DA:49,0
DA:53,1
LF:20
LH:15
BRDA:31,0,0,0
BRDA:41,1,0,0
BRDA:41,1,1,0
BRF:3
BRH:0
end_of_record
TN:
SF:projects/spr-components-v2/src/lib/components/numeric-input/index.ts
FNF:0
FNH:0
DA:1,4
DA:2,4
LF:2
LH:2
BRF:0
BRH:0
end_of_record
TN:
SF:projects/spr-components-v2/src/lib/components/numeric-input/numeric-input.html
FNF:0
FNH:0
DA:1,5
LF:1
LH:1
BRF:0
BRH:0
end_of_record
TN:
SF:projects/spr-components-v2/src/lib/components/numeric-input/numeric-input.options.ts
FN:14,(anonymous_0)
FNF:1
FNH:1
FNDA:18,(anonymous_0)
DA:1,5
DA:13,5
DA:14,18
LF:3
LH:3
BRF:0
BRH:0
end_of_record
TN:
SF:projects/spr-components-v2/src/lib/components/numeric-input/numeric-input.ts
FN:41,(anonymous_0)
FN:88,(anonymous_1)
FN:94,(anonymous_2)
FN:100,(anonymous_3)
FN:104,(anonymous_4)
FN:111,(anonymous_5)
FN:114,(anonymous_6)
FN:123,(anonymous_7)
FN:132,(anonymous_8)
FN:150,(anonymous_9)
FNF:10
FNH:10
FNDA:22,(anonymous_0)
FNDA:15,(anonymous_1)
FNDA:2,(anonymous_2)
FNDA:15,(anonymous_3)
FNDA:22,(anonymous_4)
FNDA:14,(anonymous_5)
FNDA:7,(anonymous_6)
FNDA:7,(anonymous_7)
FNDA:4,(anonymous_8)
FNDA:7,(anonymous_9)
DA:1,5
DA:2,5
DA:14,5
DA:15,5
DA:16,5
DA:17,5
DA:19,5
DA:20,5
DA:21,5
DA:22,5
DA:23,5
DA:41,5
DA:42,22
DA:47,22
DA:52,22
DA:57,22
DA:62,22
DA:67,22
DA:72,22
DA:77,22
DA:82,22
DA:84,22
DA:86,22
DA:89,15
DA:90,15
DA:95,2
DA:97,2
DA:101,15
DA:105,22
DA:112,14
DA:115,7
DA:116,7
DA:117,4
DA:119,7
DA:124,7
DA:133,4
DA:134,4
DA:135,4
DA:136,1
DA:139,4
DA:140,4
DA:151,7
DA:152,7
DA:153,2
DA:154,2
DA:157,7
DA:158,1
DA:161,7
DA:162,0
DA:165,7
DA:166,4
DA:168,3
DA:169,0
DA:172,3
DA:174,3
DA:175,0
DA:176,0
DA:179,3
DA:180,3
DA:182,3
DA:183,2
DA:188,7
LF:62
LH:58
BRDA:89,0,0,15
BRDA:101,1,0,10
BRDA:101,1,1,5
BRDA:116,2,0,4
BRDA:133,3,0,4
BRDA:133,3,1,3
BRDA:135,4,0,1
BRDA:135,5,0,4
BRDA:135,5,1,3
BRDA:152,6,0,2
BRDA:152,7,0,7
BRDA:152,7,1,2
BRDA:157,8,0,1
BRDA:161,9,0,0
BRDA:165,10,0,4
BRDA:165,10,1,3
BRDA:168,11,0,0
BRDA:168,12,0,3
BRDA:168,12,1,0
BRDA:174,13,0,0
BRDA:174,14,0,3
BRDA:174,14,1,3
BRDA:179,15,0,3
BRDA:182,16,0,2
BRDA:182,17,0,3
BRDA:182,17,1,3
BRDA:188,18,0,2
BRDA:188,18,1,5
BRF:28
BRH:24
end_of_record
TN:
SF:projects/spr-components-v2/src/lib/components/off-canvas/base-off-canvas-content.component.html
FNF:0
FNH:0
DA:1,1
LF:1
LH:1
BRF:0
BRH:0
end_of_record
TN:
SF:projects/spr-components-v2/src/lib/components/off-canvas/base-off-canvas-content.component.ts
FN:10,(anonymous_0)
FNF:1
FNH:1
FNDA:1,(anonymous_0)
DA:1,1
DA:10,1
DA:11,1
DA:12,1
LF:4
LH:4
BRF:0
BRH:0
end_of_record
TN:
SF:projects/spr-components-v2/src/lib/components/off-canvas/services/off-canvas.service.ts
FN:11,(anonymous_0)
FN:13,(anonymous_1)
FN:22,(anonymous_2)
FN:29,(anonymous_3)
FN:33,(anonymous_4)
FNF:5
FNH:4
FNDA:5,(anonymous_0)
FNDA:1,(anonymous_1)
FNDA:0,(anonymous_2)
FNDA:1,(anonymous_3)
FNDA:2,(anonymous_4)
DA:1,1
DA:2,1
DA:10,1
DA:11,5
DA:14,1
DA:15,1
DA:16,1
DA:17,1
DA:18,1
DA:20,1
DA:22,1
DA:23,1
DA:24,1
DA:26,1
DA:30,1
DA:34,2
LF:16
LH:16
BRDA:14,0,0,1
BRDA:14,0,1,1
BRF:2
BRH:2
end_of_record
TN:
SF:projects/spr-components-v2/src/lib/components/open-menu/index.ts
FNF:0
FNH:0
DA:1,5
DA:3,5
DA:4,5
DA:5,5
DA:6,5
DA:7,5
DA:8,5
DA:9,5
DA:10,5
LF:9
LH:9
BRF:0
BRH:0
end_of_record
TN:
SF:projects/spr-components-v2/src/lib/components/open-menu/open-menu.component.html
FNF:0
FNH:0
DA:1,9
LF:1
LH:1
BRF:0
BRH:0
end_of_record
TN:
SF:projects/spr-components-v2/src/lib/components/open-menu/open-menu.component.ts
FN:77,(anonymous_0)
FN:82,(anonymous_1)
FN:89,(anonymous_2)
FN:102,(anonymous_3)
FN:108,(anonymous_4)
FN:112,(anonymous_5)
FN:116,(anonymous_6)
FN:120,(anonymous_7)
FN:124,(anonymous_8)
FN:128,(anonymous_9)
FN:131,(anonymous_10)
FN:134,(anonymous_11)
FNF:12
FNH:9
FNDA:29,(anonymous_0)
FNDA:15,(anonymous_1)
FNDA:6,(anonymous_2)
FNDA:1,(anonymous_3)
FNDA:2,(anonymous_4)
FNDA:0,(anonymous_5)
FNDA:0,(anonymous_6)
FNDA:15,(anonymous_7)
FNDA:0,(anonymous_8)
FNDA:15,(anonymous_9)
FNDA:14,(anonymous_10)
FNDA:14,(anonymous_11)
DA:1,9
DA:12,9
DA:13,9
DA:14,9
DA:15,9
DA:16,9
DA:19,9
DA:23,9
DA:43,9
DA:48,29
DA:49,29
DA:50,29
DA:51,29
DA:52,29
DA:53,29
DA:54,29
DA:55,29
DA:58,29
DA:59,29
DA:62,29
DA:63,29
DA:64,29
DA:67,29
DA:70,29
DA:71,29
DA:74,29
DA:75,29
DA:78,29
DA:79,29
DA:83,15
DA:84,15
DA:85,15
DA:86,15
DA:90,6
DA:92,6
DA:93,1
DA:94,1
DA:97,5
DA:98,2
DA:102,3
DA:103,1
DA:109,2
DA:113,0
DA:117,0
DA:121,15
DA:122,14
DA:124,0
DA:129,15
DA:131,14
DA:134,14
LF:50
LH:47
BRDA:92,0,0,1
BRDA:92,1,0,6
BRDA:92,1,1,1
BRDA:97,2,0,2
BRDA:97,2,1,3
BRDA:97,3,0,5
BRDA:97,3,1,4
BRDA:121,4,0,14
BRF:8
BRH:8
end_of_record
TN:
SF:projects/spr-components-v2/src/lib/components/open-menu/directives/open-group-menu-title/index.ts
FNF:0
FNH:0
DA:1,6
LF:1
LH:1
BRF:0
BRH:0
end_of_record
TN:
SF:projects/spr-components-v2/src/lib/components/open-menu/directives/open-group-menu-title/open-group-menu-title.directive.ts
FN:6,(anonymous_0)
FNF:1
FNH:1
FNDA:11,(anonymous_0)
DA:1,7
DA:6,7
DA:7,11
DA:8,11
LF:4
LH:4
BRF:0
BRH:0
end_of_record
TN:
SF:projects/spr-components-v2/src/lib/components/open-menu/directives/open-group-menu-title/test/open-group-menu-title-test.coomponent.ts
FNF:0
FNH:0
DA:1,1
DA:2,1
DA:13,1
LF:3
LH:3
BRF:0
BRH:0
end_of_record
TN:
SF:projects/spr-components-v2/src/lib/components/open-menu/directives/open-menu/index.ts
FNF:0
FNH:0
DA:1,8
LF:1
LH:1
BRF:0
BRH:0
end_of_record
TN:
SF:projects/spr-components-v2/src/lib/components/open-menu/directives/open-menu/open-menu.directive.ts
FN:27,(anonymous_0)
FN:49,(anonymous_1)
FN:56,(anonymous_2)
FN:63,(anonymous_3)
FN:75,(anonymous_4)
FN:80,(anonymous_5)
FN:96,(anonymous_6)
FN:97,(anonymous_7)
FN:98,(anonymous_8)
FNF:9
FNH:5
FNDA:51,(anonymous_0)
FNDA:0,(anonymous_1)
FNDA:20,(anonymous_2)
FNDA:20,(anonymous_3)
FNDA:0,(anonymous_4)
FNDA:14,(anonymous_5)
FNDA:14,(anonymous_6)
FNDA:0,(anonymous_7)
FNDA:0,(anonymous_8)
DA:1,8
DA:13,8
DA:14,8
DA:15,8
DA:16,8
DA:17,8
DA:18,8
DA:19,8
DA:20,8
DA:21,8
DA:27,8
DA:31,51
DA:32,51
DA:33,51
DA:34,51
DA:35,51
DA:36,51
DA:37,51
DA:38,51
DA:39,51
DA:40,51
DA:41,51
DA:43,51
DA:45,51
DA:47,51
DA:49,0
DA:54,51
DA:57,20
DA:58,20
DA:60,20
DA:64,20
DA:65,6
DA:66,6
DA:69,14
DA:70,14
DA:71,14
DA:73,14
DA:74,14
DA:75,14
DA:76,0
DA:81,14
DA:82,14
DA:83,14
DA:84,14
DA:85,14
DA:86,14
DA:87,14
DA:88,14
DA:89,14
DA:90,14
DA:91,14
DA:92,14
DA:93,14
DA:97,14
DA:98,0
LF:55
LH:52
BRDA:49,0,0,0
BRDA:49,0,1,0
BRDA:57,1,0,20
BRDA:64,2,0,6
BRDA:64,3,0,20
BRDA:64,3,1,18
BRF:6
BRH:4
end_of_record
TN:
SF:projects/spr-components-v2/src/lib/components/open-menu/directives/open-menu-extension/index.ts
FNF:0
FNH:0
DA:1,8
LF:1
LH:1
BRF:0
BRH:0
end_of_record
TN:
SF:projects/spr-components-v2/src/lib/components/open-menu/directives/open-menu-extension/open-menu-extension.directive.ts
FN:6,(anonymous_0)
FN:14,(anonymous_1)
FN:21,(anonymous_2)
FN:22,(anonymous_3)
FNF:4
FNH:4
FNDA:66,(anonymous_0)
FNDA:22,(anonymous_1)
FNDA:17,(anonymous_2)
FNDA:14,(anonymous_3)
DA:1,9
DA:3,9
DA:6,9
DA:9,66
DA:10,66
DA:11,66
DA:12,66
DA:15,22
DA:16,22
DA:22,17
LF:10
LH:10
BRF:0
BRH:0
end_of_record
TN:
SF:projects/spr-components-v2/src/lib/components/open-menu/directives/open-menu-extension/tests/open-menu-extension-test.component.ts
FN:9,(anonymous_0)
FNF:1
FNH:0
FNDA:0,(anonymous_0)
DA:1,1
DA:2,1
DA:8,1
DA:18,1
LF:4
LH:4
BRF:0
BRH:0
end_of_record
TN:
SF:projects/spr-components-v2/src/lib/components/open-menu/directives/open-menu-footer/index.ts
FNF:0
FNH:0
DA:1,8
DA:2,8
LF:2
LH:2
BRF:0
BRH:0
end_of_record
TN:
SF:projects/spr-components-v2/src/lib/components/open-menu/directives/open-menu-footer/open-menu-footer.directive.ts
FN:7,(anonymous_0)
FNF:1
FNH:1
FNDA:9,(anonymous_0)
DA:1,9
DA:7,9
DA:8,9
DA:10,9
DA:11,9
LF:5
LH:5
BRF:0
BRH:0
end_of_record
TN:
SF:projects/spr-components-v2/src/lib/components/open-menu/directives/open-menu-footer/tests/open-menu-test.component.ts
FN:15,(anonymous_0)
FN:20,(anonymous_1)
FN:24,(anonymous_2)
FNF:3
FNH:3
FNDA:9,(anonymous_0)
FNDA:5,(anonymous_1)
FNDA:5,(anonymous_2)
DA:1,1
DA:2,1
DA:15,1
DA:16,9
DA:17,9
DA:18,9
DA:21,5
DA:25,5
LF:8
LH:8
BRF:0
BRH:0
end_of_record
TN:
SF:projects/spr-components-v2/src/lib/components/open-menu/directives/open-menu-group/index.ts
FNF:0
FNH:0
DA:1,5
LF:1
LH:1
BRF:0
BRH:0
end_of_record
TN:
SF:projects/spr-components-v2/src/lib/components/open-menu/directives/open-menu-group/open-menu-group.directive.ts
FN:25,(anonymous_0)
FN:44,(anonymous_1)
FN:49,(anonymous_2)
FN:60,(anonymous_3)
FN:67,(anonymous_4)
FN:67,(anonymous_5)
FN:73,(anonymous_6)
FN:80,(anonymous_7)
FN:86,(anonymous_8)
FN:100,(anonymous_9)
FN:104,(anonymous_10)
FN:105,(anonymous_11)
FN:106,(anonymous_12)
FN:110,(anonymous_13)
FN:128,(anonymous_14)
FN:133,(anonymous_15)
FN:142,(anonymous_16)
FN:147,(anonymous_17)
FN:148,(anonymous_18)
FN:151,(anonymous_19)
FN:152,(anonymous_20)
FNF:21
FNH:19
FNDA:9,(anonymous_0)
FNDA:5,(anonymous_1)
FNDA:11,(anonymous_2)
FNDA:9,(anonymous_3)
FNDA:0,(anonymous_4)
FNDA:0,(anonymous_5)
FNDA:7,(anonymous_6)
FNDA:7,(anonymous_7)
FNDA:3,(anonymous_8)
FNDA:7,(anonymous_9)
FNDA:4,(anonymous_10)
FNDA:4,(anonymous_11)
FNDA:4,(anonymous_12)
FNDA:9,(anonymous_13)
FNDA:9,(anonymous_14)
FNDA:9,(anonymous_15)
FNDA:11,(anonymous_16)
FNDA:52,(anonymous_17)
FNDA:68,(anonymous_18)
FNDA:11,(anonymous_19)
FNDA:22,(anonymous_20)
DA:1,6
DA:15,6
DA:16,6
DA:17,6
DA:18,6
DA:19,6
DA:20,6
DA:25,6
DA:26,9
DA:27,9
DA:29,9
DA:34,9
DA:35,9
DA:36,9
DA:37,9
DA:39,9
DA:40,9
DA:41,9
DA:42,9
DA:45,5
DA:50,11
DA:51,11
DA:53,11
DA:54,11
DA:57,11
DA:61,9
DA:63,9
DA:64,9
DA:67,9
DA:68,0
DA:69,0
DA:74,7
DA:75,7
DA:77,7
DA:78,7
DA:80,7
DA:81,7
DA:82,7
DA:84,7
DA:86,7
DA:87,3
DA:88,2
DA:89,2
DA:92,3
DA:93,1
DA:97,7
DA:98,7
DA:100,7
DA:105,4
DA:106,4
DA:107,4
DA:112,9
DA:113,9
DA:114,9
DA:115,9
DA:118,9
DA:119,9
DA:122,9
DA:123,9
DA:125,9
DA:126,9
DA:128,9
DA:129,9
DA:134,9
DA:135,9
DA:136,9
DA:138,9
DA:139,9
DA:143,11
DA:144,11
DA:148,68
DA:152,22
LF:72
LH:70
BRDA:51,0,0,7
BRDA:51,0,1,4
BRDA:53,1,0,11
BRDA:63,2,0,9
BRDA:80,3,0,7
BRDA:80,3,1,7
BRDA:87,4,0,2
BRDA:92,5,0,1
BRDA:125,6,0,9
BRDA:136,7,0,0
BRDA:136,7,1,9
BRDA:144,8,0,7
BRDA:144,8,1,4
BRF:13
BRH:12
end_of_record
TN:
SF:projects/spr-components-v2/src/lib/components/open-menu/directives/open-menu-group/test/open-menu-group-test.component.ts
FNF:0
FNH:0
DA:1,1
DA:2,1
DA:3,1
DA:4,1
DA:5,1
DA:24,1
LF:6
LH:6
BRF:0
BRH:0
end_of_record
TN:
SF:projects/spr-components-v2/src/lib/components/open-menu/directives/open-menu-group/utils/open-menu-group.util.ts
FN:3,(anonymous_0)
FNF:1
FNH:1
FNDA:7,(anonymous_0)
DA:3,6
DA:4,7
DA:6,7
DA:7,0
DA:10,7
DA:11,0
DA:14,7
DA:15,0
DA:18,7
DA:20,7
DA:21,7
DA:24,0
DA:25,0
DA:26,0
DA:27,0
DA:29,0
DA:30,0
DA:31,0
DA:36,0
LF:19
LH:8
BRDA:6,0,0,0
BRDA:10,1,0,0
BRDA:14,2,0,0
BRDA:20,3,0,7
BRDA:24,4,0,0
BRDA:24,4,1,0
BRDA:26,5,0,0
BRDA:26,5,1,0
BRDA:26,6,0,0
BRDA:26,6,1,0
BRDA:30,7,0,0
BRF:11
BRH:1
end_of_record
TN:
SF:projects/spr-components-v2/src/lib/components/open-menu/directives/open-menu-item/index.ts
FNF:0
FNH:0
DA:1,9
LF:1
LH:1
BRF:0
BRH:0
end_of_record
TN:
SF:projects/spr-components-v2/src/lib/components/open-menu/directives/open-menu-item/open-menu-item.directive.ts
FN:9,(anonymous_0)
FNF:1
FNH:1
FNDA:101,(anonymous_0)
DA:1,10
DA:9,10
DA:11,101
DA:15,101
DA:16,101
DA:17,101
DA:18,101
DA:19,101
DA:20,101
DA:22,101
DA:24,101
DA:25,101
LF:12
LH:12
BRF:0
BRH:0
end_of_record
TN:
SF:projects/spr-components-v2/src/lib/components/open-menu/directives/open-menu-item/tests/open-menu-item-test.component.ts
FNF:0
FNH:0
DA:1,1
DA:2,1
DA:21,1
LF:3
LH:3
BRF:0
BRH:0
end_of_record
TN:
SF:projects/spr-components-v2/src/lib/components/open-menu/directives/open-menu-title/index.ts
FNF:0
FNH:0
DA:1,8
LF:1
LH:1
BRF:0
BRH:0
end_of_record
TN:
SF:projects/spr-components-v2/src/lib/components/open-menu/directives/open-menu-title/open-menu-title.directive.ts
FN:7,(anonymous_0)
FNF:1
FNH:1
FNDA:14,(anonymous_0)
DA:1,9
DA:6,9
DA:7,14
LF:3
LH:3
BRF:0
BRH:0
end_of_record
TN:
SF:projects/spr-components-v2/src/lib/components/open-menu/directives/open-menu-title/tests/open-menu-title-test.component.ts
FNF:0
FNH:0
DA:1,1
DA:2,1
DA:13,1
LF:3
LH:3
BRF:0
BRH:0
end_of_record
TN:
SF:projects/spr-components-v2/src/lib/components/open-menu/directives/open-menu/tests/open-menu-test.component.ts
FN:22,(anonymous_0)
FNF:1
FNH:1
FNDA:4,(anonymous_0)
DA:1,1
DA:2,1
DA:3,1
DA:22,1
DA:25,4
DA:26,4
DA:27,4
DA:28,4
LF:8
LH:8
BRF:0
BRH:0
end_of_record
TN:
SF:projects/spr-components-v2/src/lib/components/open-menu/directives/open-sub-menu/index.ts
FNF:0
FNH:0
DA:1,8
LF:1
LH:1
BRF:0
BRH:0
end_of_record
TN:
SF:projects/spr-components-v2/src/lib/components/open-menu/directives/open-sub-menu/open-sub-menu.directive.ts
FN:25,(anonymous_0)
FN:29,(anonymous_1)
FN:37,(anonymous_2)
FN:66,(anonymous_3)
FN:71,(anonymous_4)
FN:78,(anonymous_5)
FN:79,(anonymous_6)
FN:84,(anonymous_7)
FN:85,(anonymous_8)
FN:88,(anonymous_9)
FN:91,(anonymous_10)
FNF:11
FNH:8
FNDA:12,(anonymous_0)
FNDA:13,(anonymous_1)
FNDA:9,(anonymous_2)
FNDA:0,(anonymous_3)
FNDA:4,(anonymous_4)
FNDA:13,(anonymous_5)
FNDA:13,(anonymous_6)
FNDA:2,(anonymous_7)
FNDA:0,(anonymous_8)
FNDA:2,(anonymous_9)
FNDA:0,(anonymous_10)
DA:1,8
DA:2,8
DA:3,8
DA:5,8
DA:6,8
DA:7,8
DA:8,8
DA:9,8
DA:14,8
DA:15,12
DA:16,12
DA:18,12
DA:20,12
DA:21,12
DA:22,12
DA:23,12
DA:26,12
DA:30,13
DA:32,13
DA:33,0
DA:38,9
DA:39,1
DA:40,1
DA:43,8
DA:45,8
DA:46,8
DA:48,8
DA:49,8
DA:52,8
DA:54,3
DA:55,2
DA:57,5
DA:58,2
DA:61,8
DA:62,8
DA:63,8
DA:64,8
DA:66,8
DA:67,0
DA:72,4
DA:73,4
DA:74,4
DA:75,4
DA:79,13
DA:80,13
DA:85,2
DA:89,2
DA:91,0
LF:48
LH:45
BRDA:32,0,0,0
BRDA:38,1,0,1
BRDA:52,2,0,3
BRDA:52,2,1,5
BRDA:54,3,0,2
BRDA:57,4,0,2
BRF:6
BRH:5
end_of_record
TN:
SF:projects/spr-components-v2/src/lib/components/open-menu/directives/open-sub-menu/tests/open-sub-menu-test.component.ts
FNF:0
FNH:0
DA:1,1
DA:2,1
DA:10,1
LF:3
LH:3
BRF:0
BRH:0
end_of_record
TN:
SF:projects/spr-components-v2/src/lib/components/open-menu/utils/filter.util.ts
FN:3,recursiveFilterItems
FN:4,(anonymous_1)
FNF:2
FNH:2
FNDA:7,recursiveFilterItems
FNDA:7,(anonymous_1)
DA:3,8
DA:4,7
DA:5,7
DA:7,7
DA:8,7
DA:9,0
DA:10,0
DA:11,0
DA:12,0
DA:15,0
DA:18,7
LF:11
LH:6
BRDA:5,0,0,7
BRDA:5,0,1,0
BRDA:7,1,0,7
BRDA:7,1,1,7
BRDA:8,2,0,0
BRDA:8,3,0,7
BRDA:8,3,1,0
BRDA:11,4,0,0
BRF:8
BRH:4
end_of_record
TN:
SF:projects/spr-components-v2/src/lib/components/pagination-bar/index.ts
FNF:0
FNH:0
DA:1,1
DA:2,1
LF:2
LH:2
BRF:0
BRH:0
end_of_record
TN:
SF:projects/spr-components-v2/src/lib/components/pagination-bar/pagination-bar.html
FNF:0
FNH:0
DA:1,2
LF:1
LH:1
BRF:0
BRH:0
end_of_record
TN:
SF:projects/spr-components-v2/src/lib/components/pagination-bar/pagination-bar.options.ts
FN:38,(anonymous_0)
FN:39,(anonymous_1)
FN:40,(anonymous_2)
FNF:3
FNH:3
FNDA:11,(anonymous_0)
FNDA:8,(anonymous_1)
FNDA:8,(anonymous_2)
DA:1,2
DA:15,2
DA:16,2
DA:17,2
DA:37,2
DA:38,11
DA:39,8
DA:40,8
DA:43,2
LF:9
LH:9
BRF:0
BRH:0
end_of_record
TN:
SF:projects/spr-components-v2/src/lib/components/pagination-bar/pagination-bar.ts
FN:22,(anonymous_0)
FN:35,(anonymous_1)
FN:38,(anonymous_2)
FN:41,(anonymous_3)
FN:42,(anonymous_4)
FN:43,(anonymous_5)
FN:51,(anonymous_6)
FN:61,(anonymous_7)
FNF:8
FNH:7
FNDA:12,(anonymous_0)
FNDA:11,(anonymous_1)
FNDA:45,(anonymous_2)
FNDA:8,(anonymous_3)
FNDA:11,(anonymous_4)
FNDA:8,(anonymous_5)
FNDA:2,(anonymous_6)
FNDA:0,(anonymous_7)
DA:1,2
DA:2,2
DA:3,2
DA:12,2
DA:13,2
DA:22,2
DA:23,12
DA:24,12
DA:25,12
DA:26,12
DA:28,12
DA:29,12
DA:30,12
DA:32,12
DA:33,12
DA:35,12
DA:36,11
DA:38,45
DA:41,12
DA:42,12
DA:43,12
DA:44,8
DA:45,8
DA:46,8
DA:48,8
DA:52,2
DA:53,0
DA:56,2
DA:58,2
DA:62,0
DA:63,0
DA:66,0
DA:67,0
DA:69,0
LF:34
LH:28
BRDA:30,0,0,12
BRDA:30,0,1,12
BRDA:46,1,0,2
BRDA:46,1,1,6
BRDA:52,2,0,0
BRDA:52,3,0,2
BRDA:52,3,1,2
BRDA:62,4,0,0
BRF:8
BRH:6
end_of_record
TN:
SF:projects/spr-components-v2/src/lib/components/radio-button/index.ts
FNF:0
FNH:0
DA:1,11
LF:1
LH:1
BRF:0
BRH:0
end_of_record
TN:
SF:projects/spr-components-v2/src/lib/components/radio-button/radio-button.component.html
FNF:0
FNH:0
DA:1,12
LF:1
LH:1
BRF:0
BRH:0
end_of_record
TN:
SF:projects/spr-components-v2/src/lib/components/radio-button/radio-button.component.ts
FN:25,(anonymous_0)
FN:35,(anonymous_1)
FN:39,(anonymous_2)
FN:42,(anonymous_3)
FN:47,(anonymous_4)
FNF:5
FNH:5
FNDA:39,(anonymous_0)
FNDA:38,(anonymous_1)
FNDA:23,(anonymous_2)
FNDA:23,(anonymous_3)
FNDA:39,(anonymous_4)
DA:1,12
DA:2,12
DA:3,12
DA:4,12
DA:5,12
DA:6,12
DA:7,12
DA:8,12
DA:25,12
DA:27,39
DA:28,39
DA:29,39
DA:30,39
DA:36,38
DA:37,38
DA:39,23
DA:43,23
DA:48,39
LF:18
LH:18
BRF:0
BRH:0
end_of_record
TN:
SF:projects/spr-components-v2/src/lib/components/readonly-control/readonly-control.component.html
FNF:0
FNH:0
DA:1,1
LF:1
LH:1
BRF:0
BRH:0
end_of_record
TN:
SF:projects/spr-components-v2/src/lib/components/readonly-control/readonly-control.component.ts
FN:12,(anonymous_0)
FNF:1
FNH:1
FNDA:1,(anonymous_0)
DA:1,1
DA:2,1
DA:12,1
DA:13,1
LF:4
LH:4
BRF:0
BRH:0
end_of_record
TN:
SF:projects/spr-components-v2/src/lib/components/search-input/index.ts
FNF:0
FNH:0
DA:1,11
DA:2,11
LF:2
LH:2
BRF:0
BRH:0
end_of_record
TN:
SF:projects/spr-components-v2/src/lib/components/search-input/search-input.html
FNF:0
FNH:0
DA:1,12
LF:1
LH:1
BRF:0
BRH:0
end_of_record
TN:
SF:projects/spr-components-v2/src/lib/components/search-input/search-input.options.ts
FN:10,(anonymous_0)
FNF:1
FNH:1
FNDA:6,(anonymous_0)
DA:1,12
DA:9,12
DA:10,6
LF:3
LH:3
BRF:0
BRH:0
end_of_record
TN:
SF:projects/spr-components-v2/src/lib/components/search-input/search-input.ts
FN:88,(anonymous_0)
FN:73,(anonymous_1)
FN:74,(anonymous_2)
FN:92,(anonymous_3)
FN:102,(anonymous_4)
FN:113,(anonymous_5)
FN:117,(anonymous_6)
FN:124,(anonymous_7)
FN:127,(anonymous_8)
FN:130,(anonymous_9)
FN:134,(anonymous_10)
FN:168,(anonymous_11)
FN:198,(anonymous_12)
FN:215,(anonymous_13)
FN:234,(anonymous_14)
FN:237,(anonymous_15)
FNF:16
FNH:10
FNDA:6,(anonymous_0)
FNDA:1,(anonymous_1)
FNDA:1,(anonymous_2)
FNDA:1,(anonymous_3)
FNDA:1,(anonymous_4)
FNDA:4,(anonymous_5)
FNDA:6,(anonymous_6)
FNDA:1,(anonymous_7)
FNDA:1,(anonymous_8)
FNDA:1,(anonymous_9)
FNDA:0,(anonymous_10)
FNDA:0,(anonymous_11)
FNDA:0,(anonymous_12)
FNDA:0,(anonymous_13)
FNDA:0,(anonymous_14)
FNDA:0,(anonymous_15)
DA:1,12
DA:2,12
DA:3,12
DA:4,12
DA:6,12
DA:7,12
DA:8,12
DA:9,12
DA:10,12
DA:11,12
DA:12,12
DA:13,12
DA:32,12
DA:36,6
DA:41,6
DA:46,6
DA:51,6
DA:56,6
DA:61,6
DA:66,6
DA:71,6
DA:73,6
DA:74,1
DA:77,6
DA:83,6
DA:89,6
DA:92,6
DA:93,1
DA:95,1
DA:96,0
DA:97,0
DA:102,6
DA:103,1
DA:104,1
DA:105,1
DA:108,1
DA:114,4
DA:118,6
DA:125,1
DA:128,1
DA:130,1
DA:137,0
DA:138,0
DA:139,0
DA:140,0
DA:145,0
DA:149,0
DA:151,0
DA:152,0
DA:156,0
DA:158,0
DA:159,0
DA:160,0
DA:164,0
DA:167,0
DA:169,0
DA:171,0
DA:172,0
DA:175,0
DA:177,0
DA:178,0
DA:179,0
DA:180,0
DA:181,0
DA:182,0
DA:183,0
DA:184,0
DA:186,0
DA:191,0
DA:194,0
DA:199,0
DA:200,0
DA:202,0
DA:203,0
DA:206,0
DA:207,0
DA:208,0
DA:209,0
DA:212,0
DA:216,0
DA:217,0
DA:218,0
DA:219,0
DA:222,0
DA:223,0
DA:224,0
DA:225,0
DA:226,0
DA:235,0
DA:237,0
DA:238,0
DA:239,0
DA:242,0
DA:244,0
DA:245,0
DA:247,0
DA:251,0
DA:253,0
DA:254,0
DA:255,0
DA:258,0
LF:101
LH:39
BRDA:95,0,0,0
BRDA:105,1,0,1
BRDA:114,2,0,1
BRDA:114,2,1,3
BRDA:137,3,0,0
BRDA:151,4,0,0
BRDA:158,5,0,0
BRDA:169,6,0,0
BRDA:169,6,1,0
BRDA:171,7,0,0
BRDA:179,8,0,0
BRDA:198,9,0,0
BRDA:199,10,0,0
BRDA:199,10,1,0
BRDA:202,11,0,0
BRDA:206,12,0,0
BRDA:206,12,1,0
BRDA:208,13,0,0
BRDA:217,14,0,0
BRDA:217,15,0,0
BRDA:217,15,1,0
BRDA:222,16,0,0
BRDA:225,17,0,0
BRDA:225,17,1,0
BRDA:225,18,0,0
BRDA:225,18,1,0
BRDA:244,19,0,0
BRDA:244,19,1,0
BRDA:245,20,0,0
BRDA:245,20,1,0
BRDA:245,21,0,0
BRDA:245,21,1,0
BRF:32
BRH:3
end_of_record
TN:
SF:projects/spr-components-v2/src/lib/components/segmented-control/segmented-control.html
FNF:0
FNH:0
DA:1,2
LF:1
LH:1
BRF:0
BRH:0
end_of_record
TN:
SF:projects/spr-components-v2/src/lib/components/segmented-control/segmented-control.ts
FN:15,(anonymous_0)
FN:22,(anonymous_1)
FN:24,(anonymous_2)
FNF:3
FNH:3
FNDA:17,(anonymous_0)
FNDA:24,(anonymous_1)
FNDA:24,(anonymous_2)
DA:1,2
DA:2,2
DA:15,2
DA:16,17
DA:17,17
DA:18,17
DA:19,17
DA:20,17
DA:22,24
DA:24,24
LF:10
LH:10
BRDA:22,0,0,24
BRDA:22,0,1,3
BRDA:22,1,0,24
BRDA:22,1,1,4
BRDA:24,2,0,7
BRDA:24,2,1,17
BRDA:24,3,0,24
BRDA:24,3,1,21
BRF:8
BRH:8
end_of_record
TN:
SF:projects/spr-components-v2/src/lib/components/segmented-controls/segmented-control.mocks.ts
FNF:0
FNH:0
DA:3,2
LF:1
LH:1
BRF:0
BRH:0
end_of_record
TN:
SF:projects/spr-components-v2/src/lib/components/segmented-controls/segmented-controls.html
FNF:0
FNH:0
DA:1,1
LF:1
LH:1
BRF:0
BRH:0
end_of_record
TN:
SF:projects/spr-components-v2/src/lib/components/segmented-controls/segmented-controls.ts
FN:20,(anonymous_0)
FN:27,(anonymous_1)
FN:29,(anonymous_2)
FN:31,(anonymous_3)
FN:35,(anonymous_4)
FN:39,(anonymous_5)
FN:43,(anonymous_6)
FN:47,(anonymous_7)
FN:56,(anonymous_8)
FNF:9
FNH:5
FNDA:2,(anonymous_0)
FNDA:2,(anonymous_1)
FNDA:1,(anonymous_2)
FNDA:0,(anonymous_3)
FNDA:0,(anonymous_4)
FNDA:0,(anonymous_5)
FNDA:0,(anonymous_6)
FNDA:2,(anonymous_7)
FNDA:2,(anonymous_8)
DA:1,1
DA:2,1
DA:3,1
DA:20,1
DA:21,2
DA:22,2
DA:24,2
DA:25,2
DA:27,2
DA:29,2
DA:32,0
DA:36,0
DA:40,0
DA:44,0
DA:48,2
DA:49,0
DA:51,2
DA:52,2
DA:53,2
DA:57,2
DA:58,1
DA:59,1
LF:22
LH:17
BRDA:48,0,0,0
BRDA:48,1,0,2
BRDA:48,1,1,2
BRDA:57,2,0,1
BRF:4
BRH:3
end_of_record
TN:
SF:projects/spr-components-v2/src/lib/components/selection/base-selection.ts
FN:6,(anonymous_0)
FN:7,(anonymous_1)
FN:9,(anonymous_2)
FN:52,(anonymous_3)
FN:53,(anonymous_4)
FNF:5
FNH:5
FNDA:25,(anonymous_0)
FNDA:30,(anonymous_1)
FNDA:28,(anonymous_2)
FNDA:30,(anonymous_3)
FNDA:266,(anonymous_4)
DA:1,11
DA:3,11
DA:6,11
DA:7,30
DA:9,25
DA:10,28
DA:11,28
DA:13,28
DA:20,25
DA:26,25
DA:32,25
DA:38,25
DA:43,25
DA:48,25
DA:53,266
LF:15
LH:15
BRDA:13,0,0,2
BRDA:13,0,1,26
BRDA:13,1,0,28
BRDA:13,1,1,24
BRDA:53,2,0,266
BRDA:53,2,1,244
BRF:6
BRH:6
end_of_record
TN:
SF:projects/spr-components-v2/src/lib/components/selection/dynamic-vs-width.directive.ts
FN:7,(anonymous_0)
FN:20,(anonymous_1)
FN:24,(anonymous_2)
FN:25,(anonymous_3)
FN:49,(anonymous_4)
FN:56,(anonymous_5)
FN:58,(anonymous_6)
FN:61,(anonymous_7)
FN:68,(anonymous_8)
FN:70,(anonymous_9)
FN:73,(anonymous_10)
FN:85,(anonymous_11)
FNF:12
FNH:3
FNDA:25,(anonymous_0)
FNDA:25,(anonymous_1)
FNDA:25,(anonymous_2)
FNDA:0,(anonymous_3)
FNDA:0,(anonymous_4)
FNDA:0,(anonymous_5)
FNDA:0,(anonymous_6)
FNDA:0,(anonymous_7)
FNDA:0,(anonymous_8)
FNDA:0,(anonymous_9)
FNDA:0,(anonymous_10)
FNDA:0,(anonymous_11)
DA:1,11
DA:2,11
DA:3,11
DA:4,11
DA:7,11
DA:8,25
DA:9,25
DA:10,25
DA:11,25
DA:12,25
DA:18,25
DA:21,25
DA:25,25
DA:26,0
DA:28,0
DA:29,0
DA:33,0
DA:34,0
DA:35,0
DA:39,0
DA:41,0
DA:42,0
DA:46,25
DA:50,0
DA:56,0
DA:58,0
DA:62,0
DA:68,0
DA:70,0
DA:74,0
DA:76,0
DA:77,0
DA:79,0
DA:81,0
DA:86,0
DA:88,0
DA:89,0
DA:92,0
DA:94,0
DA:95,0
DA:97,0
DA:98,0
DA:100,0
LF:43
LH:14
BRDA:28,0,0,0
BRDA:33,1,0,0
BRDA:76,2,0,0
BRDA:76,2,1,0
BRDA:79,3,0,0
BRDA:79,3,1,0
BRDA:88,4,0,0
BRDA:97,5,0,0
BRDA:97,5,1,0
BRDA:98,6,0,0
BRDA:98,6,1,0
BRF:11
BRH:0
end_of_record
TN:
SF:projects/spr-components-v2/src/lib/components/selection/index.ts
FNF:0
FNH:0
DA:1,10
DA:2,10
DA:3,10
LF:3
LH:3
BRF:0
BRH:0
end_of_record
TN:
SF:projects/spr-components-v2/src/lib/components/selection/is-selected.pipe.ts
FN:8,(anonymous_0)
FN:9,(anonymous_1)
FNF:2
FNH:1
FNDA:45,(anonymous_0)
FNDA:0,(anonymous_1)
DA:1,11
DA:7,11
DA:9,45
LF:3
LH:3
BRF:0
BRH:0
end_of_record
TN:
SF:projects/spr-components-v2/src/lib/components/selection/selection-template.directive.ts
FN:5,(anonymous_0)
FN:10,(anonymous_1)
FNF:2
FNH:0
FNDA:0,(anonymous_0)
FNDA:0,(anonymous_1)
DA:1,11
DA:5,11
DA:6,0
DA:8,0
DA:14,0
LF:5
LH:2
BRF:0
BRH:0
end_of_record
TN:
SF:projects/spr-components-v2/src/lib/components/selection/selection.html
FNF:0
FNH:0
DA:1,11
LF:1
LH:1
BRF:0
BRH:0
end_of_record
TN:
SF:projects/spr-components-v2/src/lib/components/selection/selection.ts
FN:157,(anonymous_0)
FN:52,(anonymous_1)
FN:55,(anonymous_2)
FN:58,(anonymous_3)
FN:59,(anonymous_4)
[...]
FN:2,(anonymous_1)
FNF:2
FNH:1
FNDA:1,(anonymous_0)
FNDA:0,(anonymous_1)
DA:1,40
DA:2,39
LF:2
LH:2
BRF:0
BRH:0
end_of_record
TN:
SF:projects/spr-components-v2/src/lib/shared/constants/patterns.constant.ts
FNF:0
FNH:0
DA:1,23
DA:2,23
DA:3,23
DA:4,23
DA:5,23
DA:6,23
DA:7,23
DA:8,23
DA:10,23
DA:11,23
DA:12,23
LF:11
LH:11
BRF:0
BRH:0
end_of_record
TN:
SF:projects/spr-components-v2/src/lib/shared/constants/table.constant.ts
FNF:0
FNH:0
DA:1,10
DA:2,10
LF:2
LH:2
BRF:0
BRH:0
end_of_record
TN:
SF:projects/spr-components-v2/src/lib/shared/constants/translation-prefixes.constant.ts
FNF:0
FNH:0
DA:1,40
DA:2,40
DA:3,40
DA:4,40
DA:5,40
DA:6,40
DA:7,40
DA:8,40
DA:9,40
DA:10,40
DA:11,40
DA:12,40
DA:13,40
DA:14,40
DA:15,40
DA:16,40
DA:17,40
DA:18,40
DA:19,40
DA:20,40
LF:20
LH:20
BRF:0
BRH:0
end_of_record
TN:
SF:projects/spr-components-v2/src/lib/shared/constants/unknown-error.constant.ts
FNF:0
FNH:0
DA:1,40
LF:1
LH:1
BRF:0
BRH:0
end_of_record
TN:
SF:projects/spr-components-v2/src/lib/shared/directives/control-size.directive.ts
FN:9,(anonymous_0)
FN:13,(anonymous_1)
FNF:2
FNH:2
FNDA:278,(anonymous_0)
FNDA:278,(anonymous_1)
DA:1,39
DA:8,39
DA:10,278
DA:14,278
LF:4
LH:4
BRF:0
BRH:0
end_of_record
TN:
SF:projects/spr-components-v2/src/lib/shared/directives/index.ts
FNF:0
FNH:0
DA:1,39
DA:2,39
DA:3,39
DA:4,39
DA:5,39
LF:5
LH:5
BRF:0
BRH:0
end_of_record
TN:
SF:projects/spr-components-v2/src/lib/shared/directives/tooltip-if-truncated.directive.ts
FN:15,(anonymous_0)
FN:22,(anonymous_1)
FNF:2
FNH:1
FNDA:24,(anonymous_0)
FNDA:0,(anonymous_1)
DA:1,39
DA:2,39
DA:15,39
DA:16,24
DA:17,24
DA:18,24
DA:20,24
DA:23,0
DA:24,0
DA:26,0
DA:27,0
DA:28,0
DA:30,0
DA:33,0
DA:34,0
DA:36,0
DA:37,0
DA:39,0
DA:40,0
LF:19
LH:7
BRDA:26,0,0,0
BRDA:27,1,0,0
BRDA:33,2,0,0
BRDA:33,2,1,0
BRDA:34,3,0,0
BRDA:34,3,1,0
BRDA:36,4,0,0
BRDA:36,4,1,0
BRF:8
BRH:0
end_of_record
TN:
SF:projects/spr-components-v2/src/lib/shared/directives/items-limiter/index.ts
FNF:0
FNH:0
DA:1,39
DA:2,39
DA:3,39
LF:3
LH:3
BRF:0
BRH:0
end_of_record
TN:
SF:projects/spr-components-v2/src/lib/shared/directives/items-limiter/limiter-container.ts
FN:42,(anonymous_0)
FN:37,(anonymous_1)
FN:39,(anonymous_2)
FN:39,(anonymous_3)
FN:40,(anonymous_4)
FN:40,(anonymous_5)
FN:43,(anonymous_6)
FN:50,(anonymous_7)
FN:53,(anonymous_8)
FN:56,(anonymous_9)
FN:57,(anonymous_10)
FN:62,(anonymous_11)
FN:66,(anonymous_12)
FN:70,(anonymous_13)
FN:76,(anonymous_14)
FN:78,(anonymous_15)
FN:91,(anonymous_16)
FN:113,(anonymous_17)
FN:137,(anonymous_18)
FN:149,(anonymous_19)
FN:151,(anonymous_20)
FN:152,(anonymous_21)
FN:158,(anonymous_22)
FN:162,(anonymous_23)
FN:166,(anonymous_24)
FN:172,(anonymous_25)
FNF:26
FNH:25
FNDA:10,(anonymous_0)
FNDA:0,(anonymous_1)
FNDA:28,(anonymous_2)
FNDA:151,(anonymous_3)
FNDA:22,(anonymous_4)
FNDA:127,(anonymous_5)
FNDA:10,(anonymous_6)
FNDA:7,(anonymous_7)
FNDA:12,(anonymous_8)
FNDA:12,(anonymous_9)
FNDA:4,(anonymous_10)
FNDA:9,(anonymous_11)
FNDA:10,(anonymous_12)
FNDA:10,(anonymous_13)
FNDA:2,(anonymous_14)
FNDA:2,(anonymous_15)
FNDA:23,(anonymous_16)
FNDA:5,(anonymous_17)
FNDA:8,(anonymous_18)
FNDA:10,(anonymous_19)
FNDA:10,(anonymous_20)
FNDA:4,(anonymous_21)
FNDA:10,(anonymous_22)
FNDA:10,(anonymous_23)
FNDA:4,(anonymous_24)
FNDA:2,(anonymous_25)
DA:1,40
DA:16,40
DA:17,40
DA:18,40
DA:19,40
DA:24,40
DA:25,10
DA:26,10
DA:27,10
DA:29,10
DA:31,10
DA:33,10
DA:35,10
DA:36,10
DA:37,10
DA:39,151
DA:40,127
DA:43,10
DA:44,10
DA:46,10
DA:47,0
DA:50,10
DA:53,10
DA:54,12
DA:56,12
DA:57,12
DA:63,9
DA:67,10
DA:71,10
DA:73,10
DA:77,2
DA:78,2
DA:79,2
DA:81,2
DA:83,2
DA:85,2
DA:92,23
DA:93,0
DA:96,23
DA:98,23
DA:99,23
DA:101,23
DA:102,15
DA:103,15
DA:105,15
DA:107,8
DA:110,15
DA:114,5
DA:115,0
DA:118,5
DA:120,5
DA:121,5
DA:122,5
DA:123,5
DA:124,5
DA:126,5
DA:128,5
DA:129,3
DA:131,2
DA:134,3
DA:138,8
DA:140,8
DA:142,8
DA:143,1
DA:145,7
DA:150,10
DA:152,10
DA:154,10
DA:156,10
DA:158,10
DA:163,10
DA:167,4
DA:173,2
DA:174,1
DA:177,2
DA:178,1
LF:76
LH:73
BRDA:37,0,0,0
BRDA:37,0,1,0
BRDA:46,1,0,0
BRDA:77,2,0,2
BRDA:77,2,1,2
BRDA:79,3,0,2
BRDA:79,3,1,2
BRDA:79,3,2,2
BRDA:81,4,0,2
BRDA:81,4,1,0
BRDA:92,5,0,0
BRDA:99,6,0,0
BRDA:99,6,1,23
BRDA:99,7,0,23
BRDA:99,7,1,16
BRDA:101,8,0,15
BRDA:101,8,1,8
BRDA:103,9,0,0
BRDA:103,9,1,15
BRDA:114,10,0,0
BRDA:121,11,0,0
BRDA:121,11,1,5
BRDA:121,12,0,5
BRDA:121,12,1,4
BRDA:124,13,0,5
BRDA:124,13,1,5
BRDA:126,14,0,3
BRDA:126,14,1,2
BRDA:128,15,0,3
BRDA:128,15,1,2
BRDA:142,16,0,1
BRDA:142,16,1,7
BRDA:142,17,0,8
BRDA:142,17,1,1
BRDA:167,18,0,4
BRDA:167,18,1,0
BRDA:173,19,0,1
BRDA:177,20,0,1
BRF:38
BRH:28
end_of_record
TN:
SF:projects/spr-components-v2/src/lib/shared/directives/items-limiter/limiter-counter.ts
FN:5,(anonymous_0)
FN:11,(anonymous_1)
FN:21,(anonymous_2)
FN:25,(anonymous_3)
FN:29,(anonymous_4)
FN:35,(anonymous_5)
FNF:6
FNH:5
FNDA:1,(anonymous_0)
FNDA:1,(anonymous_1)
FNDA:6,(anonymous_2)
FNDA:1,(anonymous_3)
FNDA:2,(anonymous_4)
FNDA:0,(anonymous_5)
DA:1,40
DA:2,40
DA:5,40
DA:6,1
DA:7,1
DA:9,1
DA:11,1
DA:12,1
DA:14,1
DA:15,0
DA:17,1
DA:22,6
DA:26,1
DA:30,2
DA:31,2
DA:32,2
DA:36,0
DA:37,0
DA:38,0
LF:19
LH:15
BRDA:14,0,0,0
BRDA:14,0,1,1
BRF:2
BRH:1
end_of_record
TN:
SF:projects/spr-components-v2/src/lib/shared/directives/items-limiter/limiter-item.ts
FN:17,(anonymous_0)
FN:18,(anonymous_1)
FN:27,(anonymous_2)
FN:36,(anonymous_3)
FN:37,(anonymous_4)
FN:40,(anonymous_5)
FN:44,(anonymous_6)
FN:48,(anonymous_7)
FNF:8
FNH:8
FNDA:46,(anonymous_0)
FNDA:50,(anonymous_1)
FNDA:37,(anonymous_2)
FNDA:43,(anonymous_3)
FNDA:43,(anonymous_4)
FNDA:12,(anonymous_5)
FNDA:41,(anonymous_6)
FNDA:41,(anonymous_7)
DA:1,40
DA:4,40
DA:5,46
DA:6,46
DA:7,46
DA:9,46
DA:11,46
DA:13,46
DA:18,46
DA:19,50
DA:21,50
DA:22,4
DA:23,4
DA:25,46
DA:27,46
DA:28,37
DA:29,37
DA:37,43
DA:41,12
DA:45,41
DA:49,41
DA:51,41
LF:22
LH:22
BRDA:21,0,0,4
BRDA:21,0,1,46
BRDA:28,1,0,37
BRDA:51,2,0,41
BRDA:51,2,1,0
BRF:5
BRH:4
end_of_record
TN:
SF:projects/spr-components-v2/src/lib/shared/directives/long-press/index.ts
FNF:0
FNH:0
DA:1,39
LF:1
LH:1
BRF:0
BRH:0
end_of_record
TN:
SF:projects/spr-components-v2/src/lib/shared/directives/long-press/long-press.directive.ts
FN:15,(anonymous_0)
FN:28,(anonymous_1)
FN:47,(anonymous_2)
FN:54,(anonymous_3)
FN:61,(anonymous_4)
FN:66,(anonymous_5)
FN:69,(anonymous_6)
FN:70,(anonymous_7)
FN:73,(anonymous_8)
FN:79,(anonymous_9)
FNF:10
FNH:10
FNDA:20,(anonymous_0)
FNDA:46,(anonymous_1)
FNDA:46,(anonymous_2)
FNDA:46,(anonymous_3)
FNDA:1,(anonymous_4)
FNDA:1,(anonymous_5)
FNDA:1,(anonymous_6)
FNDA:1,(anonymous_7)
FNDA:12,(anonymous_8)
FNDA:12,(anonymous_9)
DA:1,40
DA:2,40
DA:3,40
DA:14,40
DA:15,20
DA:28,40
DA:29,46
DA:30,46
DA:31,46
DA:33,46
DA:39,46
DA:45,46
DA:48,46
DA:55,46
DA:57,46
DA:59,46
DA:62,1
DA:67,1
DA:69,1
DA:71,1
DA:73,12
DA:80,12
LF:22
LH:22
BRDA:67,0,0,1
BRDA:67,0,1,0
BRF:2
BRH:1
end_of_record
TN:
SF:projects/spr-components-v2/src/lib/shared/directives/menu/index.ts
FNF:0
FNH:0
DA:1,39
LF:1
LH:1
BRF:0
BRH:0
end_of_record
TN:
SF:projects/spr-components-v2/src/lib/shared/directives/menu/menu.directive.ts
FN:74,(anonymous_0)
FN:37,(anonymous_1)
FN:79,(anonymous_2)
FN:82,(anonymous_3)
FN:86,(anonymous_4)
FN:90,(anonymous_5)
FN:95,(anonymous_6)
FN:109,(anonymous_7)
FN:114,(anonymous_8)
FN:131,(anonymous_9)
FN:139,(anonymous_10)
FN:151,(anonymous_11)
FN:159,(anonymous_12)
FN:163,(anonymous_13)
FN:173,(anonymous_14)
FN:177,(anonymous_15)
FN:180,(anonymous_16)
FN:183,(anonymous_17)
FN:194,(anonymous_18)
FN:195,(anonymous_19)
FN:204,(anonymous_20)
FNF:21
FNH:14
FNDA:37,(anonymous_0)
FNDA:37,(anonymous_1)
FNDA:1,(anonymous_2)
FNDA:113,(anonymous_3)
FNDA:37,(anonymous_4)
FNDA:37,(anonymous_5)
FNDA:1,(anonymous_6)
FNDA:0,(anonymous_7)
FNDA:1,(anonymous_8)
FNDA:37,(anonymous_9)
FNDA:37,(anonymous_10)
FNDA:37,(anonymous_11)
FNDA:37,(anonymous_12)
FNDA:0,(anonymous_13)
FNDA:0,(anonymous_14)
FNDA:0,(anonymous_15)
FNDA:0,(anonymous_16)
FNDA:0,(anonymous_17)
FNDA:37,(anonymous_18)
FNDA:0,(anonymous_19)
FNDA:37,(anonymous_20)
DA:1,40
DA:15,40
DA:16,40
DA:17,40
DA:18,40
DA:19,40
DA:26,40
DA:27,37
DA:28,37
DA:29,37
DA:30,37
DA:31,37
DA:33,37
DA:35,37
DA:37,37
DA:39,37
DA:45,37
DA:52,37
DA:58,37
DA:64,37
DA:70,37
DA:72,37
DA:75,37
DA:77,37
DA:79,1
DA:83,113
DA:87,37
DA:91,37
DA:92,37
DA:96,1
DA:97,0
DA:101,1
DA:103,1
DA:105,1
DA:107,1
DA:109,1
DA:110,0
DA:115,1
DA:116,0
DA:119,1
DA:122,1
DA:124,1
DA:126,1
DA:128,1
DA:132,37
DA:134,37
DA:136,37
DA:140,37
DA:152,37
DA:160,37
DA:164,0
DA:165,0
DA:168,0
DA:169,0
DA:174,0
DA:177,0
DA:181,0
DA:184,0
DA:186,0
DA:187,0
DA:190,0
DA:195,37
DA:196,0
DA:197,0
DA:205,37
DA:206,0
DA:209,37
LF:67
LH:50
BRDA:96,0,0,0
BRDA:115,1,0,0
BRDA:147,2,0,37
BRDA:147,2,1,0
BRDA:154,3,0,37
BRDA:154,3,1,0
BRDA:160,4,0,37
BRDA:160,4,1,0
BRDA:164,5,0,0
BRDA:168,6,0,0
BRDA:186,7,0,0
BRDA:205,8,0,0
BRF:12
BRH:3
end_of_record
TN:
SF:projects/spr-components-v2/src/lib/shared/directives/menu/menu.util.ts
FNF:0
FNH:0
DA:6,40
LF:1
LH:1
BRF:0
BRH:0
end_of_record
TN:
SF:projects/spr-components-v2/src/lib/shared/enums/index.ts
FN:1,(anonymous_0)
FNF:1
FNH:0
FNDA:0,(anonymous_0)
DA:1,39
LF:1
LH:1
BRF:0
BRH:0
end_of_record
TN:
SF:projects/spr-components-v2/src/lib/shared/enums/sort-type.enum.ts
FN:1,(anonymous_0)
FNF:1
FNH:1
FNDA:40,(anonymous_0)
DA:1,40
DA:2,40
DA:3,40
LF:3
LH:3
BRDA:1,0,0,40
BRDA:1,0,1,40
BRF:2
BRH:2
end_of_record
TN:
SF:projects/spr-components-v2/src/lib/shared/enums/validators.enum.ts
FN:3,(anonymous_0)
FNF:1
FNH:1
FNDA:40,(anonymous_0)
DA:1,40
DA:3,40
DA:4,40
DA:5,40
DA:6,40
DA:7,40
DA:8,40
DA:9,40
DA:10,40
DA:11,40
DA:12,40
DA:13,40
DA:14,40
DA:15,40
DA:16,40
DA:17,40
DA:18,40
DA:19,40
DA:20,40
DA:21,40
DA:22,40
DA:23,40
DA:24,40
DA:25,40
DA:26,40
DA:27,40
DA:28,40
DA:29,40
DA:30,40
DA:31,40
DA:32,40
DA:33,40
DA:36,40
LF:33
LH:33
BRDA:3,0,0,40
BRDA:3,0,1,40
BRF:2
BRH:2
end_of_record
TN:
SF:projects/spr-components-v2/src/lib/shared/mocks/index.ts
FNF:0
FNH:0
DA:1,92
DA:2,92
LF:2
LH:2
BRF:0
BRH:0
end_of_record
TN:
SF:projects/spr-components-v2/src/lib/shared/mocks/mutation-observer.mock.ts
FN:5,(anonymous_0)
FN:9,(anonymous_1)
FN:13,(anonymous_2)
FN:15,(anonymous_3)
FN:19,(anonymous_4)
FN:23,(anonymous_5)
FN:24,(anonymous_6)
FNF:7
FNH:0
FNDA:0,(anonymous_0)
FNDA:0,(anonymous_1)
FNDA:0,(anonymous_2)
FNDA:0,(anonymous_3)
FNDA:0,(anonymous_4)
FNDA:0,(anonymous_5)
FNDA:0,(anonymous_6)
DA:1,92
DA:3,92
DA:5,0
DA:6,0
DA:10,0
DA:16,0
DA:20,0
DA:24,0
LF:8
LH:2
BRF:0
BRH:0
end_of_record
TN:
SF:projects/spr-components-v2/src/lib/shared/mocks/resize-observer.mock.ts
FN:5,(anonymous_0)
FN:9,(anonymous_1)
FN:13,(anonymous_2)
FN:15,(anonymous_3)
FN:17,(anonymous_4)
FN:21,(anonymous_5)
FN:22,(anonymous_6)
FNF:7
FNH:6
FNDA:72,(anonymous_0)
FNDA:72,(anonymous_1)
FNDA:0,(anonymous_2)
FNDA:47,(anonymous_3)
FNDA:4,(anonymous_4)
FNDA:2,(anonymous_5)
FNDA:11,(anonymous_6)
DA:1,92
DA:3,92
DA:5,72
DA:6,72
DA:10,72
DA:18,4
DA:22,11
LF:7
LH:7
BRF:0
BRH:0
end_of_record
TN:
SF:projects/spr-components-v2/src/lib/shared/models/base-dropdown-control.ts
FN:10,(anonymous_0)
FN:41,(anonymous_1)
FN:47,(anonymous_2)
FN:52,(anonymous_3)
FN:62,(anonymous_4)
FN:69,(anonymous_5)
FN:77,(anonymous_6)
FN:81,(anonymous_7)
FN:88,(anonymous_8)
FNF:9
FNH:5
FNDA:34,(anonymous_0)
FNDA:38,(anonymous_1)
FNDA:34,(anonymous_2)
FNDA:0,(anonymous_3)
FNDA:0,(anonymous_4)
FNDA:45,(anonymous_5)
FNDA:0,(anonymous_6)
FNDA:34,(anonymous_7)
FNDA:0,(anonymous_8)
DA:1,9
DA:2,9
DA:4,9
DA:5,9
DA:6,9
DA:10,9
DA:11,34
DA:12,34
DA:13,34
DA:14,34
DA:16,34
DA:17,34
DA:18,34
DA:19,34
DA:20,34
DA:25,34
DA:30,34
DA:35,34
DA:37,34
DA:38,34
DA:42,38
DA:43,34
DA:48,34
DA:49,34
DA:53,0
DA:54,0
DA:57,0
DA:58,0
DA:63,0
DA:64,0
DA:65,0
DA:70,45
DA:78,0
DA:82,34
DA:83,19
DA:85,19
DA:86,0
DA:89,0
DA:91,0
LF:39
LH:28
BRDA:42,0,0,34
BRDA:53,1,0,0
BRDA:57,2,0,0
BRDA:57,3,0,0
BRDA:57,3,1,0
BRDA:63,4,0,0
BRDA:82,5,0,19
BRDA:85,6,0,0
BRF:8
BRH:2
end_of_record
TN:
SF:projects/spr-components-v2/src/lib/shared/models/index.ts
FNF:0
FNH:0
DA:1,40
DA:2,40
LF:2
LH:2
BRF:0
BRH:0
end_of_record
TN:
SF:projects/spr-components-v2/src/lib/shared/models/autoclose-base/autoclose-base.ts
FN:18,(anonymous_0)
FN:20,(anonymous_1)
FN:54,(anonymous_2)
FN:58,(anonymous_3)
FN:67,(anonymous_4)
FN:71,(anonymous_5)
FN:72,(anonymous_6)
FN:74,(anonymous_7)
FN:74,(anonymous_8)
FN:75,(anonymous_9)
FN:76,(anonymous_10)
FN:77,(anonymous_11)
FN:78,(anonymous_12)
FN:79,(anonymous_13)
FNF:14
FNH:13
FNDA:12,(anonymous_0)
FNDA:0,(anonymous_1)
FNDA:6,(anonymous_2)
FNDA:11,(anonymous_3)
FNDA:12,(anonymous_4)
FNDA:4,(anonymous_5)
FNDA:4,(anonymous_6)
FNDA:4,(anonymous_7)
FNDA:5,(anonymous_8)
FNDA:5,(anonymous_9)
FNDA:3,(anonymous_10)
FNDA:3,(anonymous_11)
FNDA:3,(anonymous_12)
FNDA:4,(anonymous_13)
DA:1,40
DA:2,40
DA:3,40
DA:4,40
DA:6,40
DA:7,40
DA:18,40
DA:19,12
DA:20,12
DA:21,12
DA:27,12
DA:33,12
DA:39,12
DA:45,12
DA:50,12
DA:52,12
DA:55,6
DA:59,11
DA:60,11
DA:62,11
DA:63,3
DA:68,12
DA:70,12
DA:71,4
DA:73,4
DA:74,5
DA:75,5
DA:76,3
DA:77,3
DA:78,3
DA:79,4
LF:31
LH:31
BRDA:62,0,0,3
BRDA:74,1,0,0
BRDA:74,1,1,4
BRDA:76,2,0,3
BRDA:76,2,1,0
BRF:5
BRH:3
end_of_record
TN:
SF:projects/spr-components-v2/src/lib/shared/models/autoclose-base/autoclose.options.ts
FNF:0
FNH:0
DA:1,40
DA:3,40
DA:4,40
DA:6,40
LF:4
LH:4
BRF:0
BRH:0
end_of_record
TN:
SF:projects/spr-components-v2/src/lib/shared/models/autoclose-base/index.ts
FNF:0
FNH:0
DA:1,40
DA:2,40
LF:2
LH:2
BRF:0
BRH:0
end_of_record
TN:
SF:projects/spr-components-v2/src/lib/shared/models/base-control/base-control.ts
FN:15,(anonymous_0)
FN:19,(anonymous_1)
FN:43,(anonymous_2)
FN:98,(anonymous_3)
FN:99,(anonymous_4)
FN:49,(anonymous_5)
FN:53,(anonymous_6)
FN:57,(anonymous_7)
FN:61,(anonymous_8)
FN:65,(anonymous_9)
FN:69,(anonymous_10)
FN:73,(anonymous_11)
FN:77,(anonymous_12)
FN:82,(anonymous_13)
FN:92,(anonymous_14)
FN:93,(anonymous_15)
FN:103,(anonymous_16)
FNF:17
FNH:14
FNDA:0,(anonymous_0)
FNDA:0,(anonymous_1)
FNDA:217,(anonymous_2)
FNDA:22,(anonymous_3)
FNDA:6,(anonymous_4)
FNDA:454,(anonymous_5)
FNDA:64,(anonymous_6)
FNDA:454,(anonymous_7)
FNDA:152,(anonymous_8)
FNDA:205,(anonymous_9)
FNDA:166,(anonymous_10)
FNDA:166,(anonymous_11)
FNDA:183,(anonymous_12)
FNDA:122,(anonymous_13)
FNDA:52,(anonymous_14)
FNDA:0,(anonymous_15)
FNDA:205,(anonymous_16)
DA:1,40
DA:2,40
DA:3,40
DA:4,40
DA:7,40
DA:10,40
DA:16,0
DA:20,0
DA:21,0
DA:25,217
DA:26,217
DA:27,217
DA:28,217
DA:29,217
DA:30,217
DA:31,217
DA:32,217
DA:34,217
DA:36,217
DA:37,217
DA:38,217
DA:39,217
DA:41,217
DA:44,217
DA:45,122
DA:50,454
DA:54,64
DA:58,454
DA:62,152
DA:66,205
DA:70,166
DA:74,166
DA:78,183
DA:79,183
DA:83,122
DA:84,0
DA:86,122
DA:89,122
DA:93,52
DA:94,0
DA:98,217
DA:99,217
DA:104,205
DA:105,71
DA:106,71
LF:45
LH:40
BRDA:20,0,0,0
BRDA:44,1,0,122
BRDA:50,2,0,454
BRDA:50,2,1,64
BRDA:54,3,0,64
BRDA:54,3,1,64
BRDA:58,4,0,454
BRDA:58,4,1,390
BRDA:83,5,0,0
BRDA:83,5,1,122
BRDA:104,6,0,71
BRDA:104,7,0,205
BRDA:104,7,1,134
BRDA:105,8,0,71
BRDA:105,8,1,39
BRF:15
BRH:13
end_of_record
TN:
SF:projects/spr-components-v2/src/lib/shared/models/base-control/index.ts
FN:2,(anonymous_0)
FNF:1
FNH:0
FNDA:0,(anonymous_0)
DA:1,40
DA:2,40
LF:2
LH:2
BRF:0
BRH:0
end_of_record
TN:
SF:projects/spr-components-v2/src/lib/shared/models/base-control/constants/base-control.constant.ts
FN:7,(anonymous_0)
FNF:1
FNH:1
FNDA:294,(anonymous_0)
DA:1,40
DA:2,40
DA:5,40
DA:7,40
DA:8,294
DA:10,294
LF:6
LH:6
BRDA:10,0,0,294
BRDA:10,0,1,294
BRF:2
BRH:2
end_of_record
TN:
SF:projects/spr-components-v2/src/lib/shared/pipes/filter-array.pipe.ts
FN:7,(anonymous_0)
FN:12,(anonymous_1)
FNF:2
FNH:0
FNDA:0,(anonymous_0)
FNDA:0,(anonymous_1)
DA:1,39
DA:6,39
DA:8,0
DA:9,0
DA:12,0
DA:13,0
DA:14,0
DA:17,0
LF:8
LH:2
BRDA:8,0,0,0
BRDA:8,1,0,0
BRDA:8,1,1,0
BRDA:8,1,2,0
BRDA:9,2,0,0
BRDA:9,2,1,0
BRDA:13,3,0,0
BRF:7
BRH:0
end_of_record
TN:
SF:projects/spr-components-v2/src/lib/shared/pipes/filter-options.pipe.ts
FN:9,(anonymous_0)
FN:10,(anonymous_1)
FNF:2
FNH:0
FNDA:0,(anonymous_0)
FNDA:0,(anonymous_1)
DA:1,39
DA:8,39
DA:10,0
LF:3
LH:2
BRDA:10,0,0,0
BRDA:10,0,1,0
BRF:2
BRH:0
end_of_record
TN:
SF:projects/spr-components-v2/src/lib/shared/pipes/index.ts
FNF:0
FNH:0
DA:1,39
DA:2,39
DA:3,39
LF:3
LH:3
BRF:0
BRH:0
end_of_record
TN:
SF:projects/spr-components-v2/src/lib/shared/pipes/get-control-error-message/get-control-error-message.pipe.ts
FN:12,(anonymous_0)
FN:17,(anonymous_1)
FNF:2
FNH:2
FNDA:5,(anonymous_0)
FNDA:4,(anonymous_1)
DA:1,40
DA:3,40
DA:11,40
DA:13,5
DA:14,2
DA:17,4
DA:18,3
DA:20,3
DA:21,1
DA:23,2
DA:24,1
DA:27,1
LF:12
LH:12
BRDA:13,0,0,2
BRDA:20,1,0,1
BRDA:23,2,0,1
BRF:3
BRH:3
end_of_record
TN:
SF:projects/spr-components-v2/src/lib/shared/services/datepicker-translate.service.ts
FN:7,(anonymous_0)
FN:14,(anonymous_1)
FN:17,(anonymous_2)
FN:21,(anonymous_3)
FN:25,(anonymous_4)
FN:29,(anonymous_5)
FN:33,(anonymous_6)
FN:37,(anonymous_7)
FN:49,(anonymous_8)
FNF:9
FNH:8
FNDA:39,(anonymous_0)
FNDA:1,(anonymous_1)
FNDA:28,(anonymous_2)
FNDA:14,(anonymous_3)
FNDA:14,(anonymous_4)
FNDA:0,(anonymous_5)
FNDA:84,(anonymous_6)
FNDA:14,(anonymous_7)
FNDA:14,(anonymous_8)
DA:1,39
DA:2,39
DA:3,39
DA:7,39
DA:8,39
DA:9,39
DA:10,39
DA:14,39
DA:15,1
DA:18,28
DA:22,14
DA:26,14
DA:30,0
DA:34,84
DA:38,14
DA:39,14
DA:41,14
DA:42,98
DA:43,98
DA:46,14
DA:50,14
DA:51,14
DA:52,14
DA:54,14
DA:55,168
DA:56,168
DA:59,14
LF:27
LH:26
BRDA:7,0,0,39
BRDA:7,0,1,39
BRDA:37,1,0,0
BRDA:49,2,0,0
BRDA:49,3,0,14
BRF:5
BRH:3
end_of_record
TN:
SF:projects/spr-components-v2/src/lib/shared/services/index.ts
FNF:0
FNH:0
DA:1,39
LF:1
LH:1
BRF:0
BRH:0
end_of_record
TN:
SF:projects/spr-components-v2/src/lib/shared/utils/get-debug-element.util.ts
FN:5,(anonymous_0)
FN:7,(anonymous_1)
FN:9,(anonymous_2)
FNF:3
FNH:3
FNDA:300,(anonymous_0)
FNDA:13,(anonymous_1)
FNDA:14,(anonymous_2)
DA:2,66
DA:5,66
DA:6,300
DA:7,66
DA:8,13
DA:9,66
DA:10,14
LF:7
LH:7
BRF:0
BRH:0
end_of_record
TN:
SF:projects/spr-components-v2/src/lib/shared/utils/guards.util.ts
FN:3,isTemplateRef
FNF:1
FNH:1
FNDA:3,isTemplateRef
DA:1,2
DA:3,2
DA:4,3
LF:3
LH:3
BRF:0
BRH:0
end_of_record
TN:
SF:projects/spr-components-v2/src/lib/shared/utils/index.ts
FNF:0
FNH:0
DA:1,66
DA:2,66
DA:3,66
DA:4,66
DA:5,66
LF:5
LH:5
BRF:0
BRH:0
end_of_record
TN:
SF:projects/spr-components-v2/src/lib/shared/utils/provide-control-value.util.ts
FN:4,(anonymous_0)
FN:6,(anonymous_1)
FN:17,(anonymous_2)
FN:51,(anonymous_3)
FN:52,(anonymous_4)
FN:23,(anonymous_5)
FN:27,(anonymous_6)
FN:31,(anonymous_7)
FN:35,(anonymous_8)
FN:39,(anonymous_9)
FN:43,(anonymous_10)
FN:47,(anonymous_11)
FNF:12
FNH:11
FNDA:1,(anonymous_0)
FNDA:0,(anonymous_1)
FNDA:102,(anonymous_2)
FNDA:46,(anonymous_3)
FNDA:4,(anonymous_4)
FNDA:15,(anonymous_5)
FNDA:2,(anonymous_6)
FNDA:15,(anonymous_7)
FNDA:40,(anonymous_8)
FNDA:24,(anonymous_9)
FNDA:43,(anonymous_10)
FNDA:43,(anonymous_11)
DA:1,66
DA:2,66
DA:4,66
DA:6,0
DA:11,66
DA:12,102
DA:14,102
DA:15,102
DA:18,102
DA:19,24
DA:24,15
DA:28,2
DA:32,15
DA:36,40
DA:40,24
DA:44,43
DA:48,43
DA:51,102
DA:52,102
LF:19
LH:18
BRDA:18,0,0,24
BRDA:24,1,0,15
BRDA:24,1,1,2
BRDA:28,2,0,2
BRDA:28,2,1,2
BRDA:32,3,0,15
BRDA:32,3,1,13
BRF:7
BRH:7
end_of_record
TN:
SF:projects/spr-components-v2/src/lib/shared/utils/provide-filter-accessor.ts
FN:38,provideFilterValueAccessor
FN:41,(anonymous_1)
FNF:2
FNH:1
FNDA:22,provideFilterValueAccessor
FNDA:0,(anonymous_1)
DA:1,66
DA:30,66
DA:31,66
DA:32,66
DA:38,66
DA:39,22
DA:41,0
LF:7
LH:6
BRF:0
BRH:0
end_of_record
TN:
SF:projects/spr-components-v2/src/lib/shared/utils/sync-view-model.util.ts
FN:4,syncViewModel
FNF:1
FNH:1
FNDA:306,syncViewModel
DA:2,66
DA:4,66
DA:5,306
LF:3
LH:3
BRF:0
BRH:0
end_of_record
TN:
SF:projects/spr-components/src/lib/shared/utils/get-debug-element.util.ts
FN:5,(anonymous_0)
FN:7,(anonymous_1)
FN:9,(anonymous_2)
FNF:3
FNH:0
FNDA:0,(anonymous_0)
FNDA:0,(anonymous_1)
FNDA:0,(anonymous_2)
DA:2,1
DA:5,1
DA:6,0
DA:7,1
DA:8,0
DA:9,1
DA:10,0
LF:7
LH:4
BRF:0
BRH:0
end_of_record
TN:
SF:projects/spr-components/src/lib/shared/utils/index.ts
FNF:0
FNH:0
DA:1,1
DA:2,1
LF:2
LH:2
BRF:0
BRH:0
end_of_record
TN:
SF:projects/spr-components/src/lib/shared/utils/sync-view-model.util.ts
FN:4,syncViewModel
FNF:1
FNH:1
FNDA:1,syncViewModel
DA:2,1
DA:4,1
DA:5,1
LF:3
LH:3
BRF:0
BRH:0
end_of_record
